[1/1] echo -e "\n\n\033[1;32mBuilding:\033[0m vector_test" && /usr/bin/time -p g++ -std=c++23 -g -march=native -Wall -Wextra -Wpedantic -Wno-cpp -Wunused -Wshadow -Wconversion -Wcast-qual -Wconversion-null -Woverlength-strings -Wpointer-arith -Wunused-local-typedefs -Wunused-result -Wvarargs -Wvla -Wwrite-strings -Wduplicated-cond -Wdouble-promotion -Wdisabled-optimization -Winline -Wfloat-equal -Wmissing-noreturn -Wpacked -Wnonnull -Wundef -Wtrampolines -Winline -Winit-self -Wcast-align -Wnarrowing -Wregister -Wmain -Wchanges-meaning -Wsequence-point -Wattributes -Werror=return-type -Wno-implicit-fallthrough -Wno-sign-conversion -Wno-variadic-macros -pedantic-errors -nodefaultlibs -fstack-protector-strong -fstrict-overflow -fopenmp -fext-numeric-literals -ffast-math -flto -fdiagnostics-color=always -fconcepts-diagnostics-depth=2 -L./libs -Isrc tests/vector.cpp -lc -lgcc -lgcc_s -lstdc++ -lm -o bin/vector_test;
FAILED: vector_test 
echo -e "\n\n\033[1;32mBuilding:\033[0m vector_test" && /usr/bin/time -p g++ -std=c++23 -g -march=native -Wall -Wextra -Wpedantic -Wno-cpp -Wunused -Wshadow -Wconversion -Wcast-qual -Wconversion-null -Woverlength-strings -Wpointer-arith -Wunused-local-typedefs -Wunused-result -Wvarargs -Wvla -Wwrite-strings -Wduplicated-cond -Wdouble-promotion -Wdisabled-optimization -Winline -Wfloat-equal -Wmissing-noreturn -Wpacked -Wnonnull -Wundef -Wtrampolines -Winline -Winit-self -Wcast-align -Wnarrowing -Wregister -Wmain -Wchanges-meaning -Wsequence-point -Wattributes -Werror=return-type -Wno-implicit-fallthrough -Wno-sign-conversion -Wno-variadic-macros -pedantic-errors -nodefaultlibs -fstack-protector-strong -fstrict-overflow -fopenmp -fext-numeric-literals -ffast-math -flto -fdiagnostics-color=always -fconcepts-diagnostics-depth=2 -L./libs -Isrc tests/vector.cpp -lc -lgcc -lgcc_s -lstdc++ -lm -o bin/vector_test;


Building: vector_test
In file included from tests/vector.cpp:7:
tests/snowball/snowball.hpp: In function ‘void snowball::fuzz(Fn&&, size_t)’:
tests/snowball/snowball.hpp:833:54: warning: left shift count >= width of type [-Wshift-count-overflow]
  833 |     std::uniform_int_distribution<size_t> dist(0, (2 << (4 * 8)) - 1);
      |                                                    ~~^~~~~~~~~~
In file included from tests/../src/vector/../allocation/resources.hpp:8,
                 from tests/../src/vector/../allocation/chunks.hpp:12,
                 from tests/../src/vector/fvector.hpp:13,
                 from tests/vector.cpp:10:
tests/../src/vector/../allocation/memory_resource.hpp: At global scope:
tests/../src/vector/../allocation/memory_resource.hpp:108:3: error: ‘micron::__core_memory_resource<T>::size_type micron::__core_memory_resource<T>::capacity() const’ conflicts with a previous declaration [-Wtemplate-body]
  108 |   }
      |   ^
tests/../src/vector/../allocation/memory_resource.hpp:37:10: note: previous declaration ‘size_t micron::__core_memory_resource<T>::capacity’
   37 |   size_t capacity;
      |          ^~~~~~~~
tests/../src/vector/../allocation/memory_resource.hpp: In constructor ‘micron::__core_memory_resource<T>::__core_memory_resource(micron::__core_memory_resource<T>&&)’:
tests/../src/vector/../allocation/memory_resource.hpp:45:18: error: cannot convert ‘std::nullptr_t’ to ‘size_t’ {aka ‘long unsigned int’} in assignment [-Wtemplate-body]
   45 |     o.capacity = nullptr;
      |                  ^~~~~~~
tests/../src/vector/../allocation/memory_resource.hpp: In member function ‘micron::__core_memory_resource<T>& micron::__core_memory_resource<T>::operator=(micron::__core_memory_resource<T>&&)’:
tests/../src/vector/../allocation/memory_resource.hpp:63:18: error: cannot convert ‘std::nullptr_t’ to ‘size_t’ {aka ‘long unsigned int’} in assignment [-Wtemplate-body]
   63 |     o.capacity = nullptr;
      |                  ^~~~~~~
In file included from tests/../src/vector/../allocation/abcmalloc/__abc.hpp:15,
                 from tests/../src/vector/../allocation/allocator_types.hpp:8,
                 from tests/../src/vector/../allocation/resources.hpp:10:
tests/../src/vector/../allocation/abcmalloc/malloc.hpp: At global scope:
tests/../src/vector/../allocation/abcmalloc/malloc.hpp:60:25: warning: ‘malloc’ attribute ignored on functions returning ‘__S_ptr’; valid only for pointer return types [-Wattributes]
   60 | alloc_as_ptr(size_t size);     // allocates memory, returns packaged as a smart pointer
      |                         ^
tests/../src/vector/fvector.hpp: In constructor ‘micron::fvector<T, Alloc>::fvector(const std::initializer_list<_Tp>&)’:
tests/../src/vector/fvector.hpp:108:14: error: expected type-specifier before ‘&’ token [-Wtemplate-body]
  108 |         new (&__mem[i++]) T(micron::move(value));
      |              ^
tests/../src/vector/fvector.hpp:108:14: error: expected ‘)’ before ‘&’ token [-Wtemplate-body]
tests/../src/vector/fvector.hpp:108:13: note: to match this ‘(’
  108 |         new (&__mem[i++]) T(micron::move(value));
      |             ^
tests/../src/vector/fvector.hpp:108:20: error: expected primary-expression before ‘[’ token [-Wtemplate-body]
  108 |         new (&__mem[i++]) T(micron::move(value));
      |                    ^
tests/../src/vector/fvector.hpp:114:16: error: expected ‘]’ before ‘++’ token [-Wtemplate-body]
  114 |         __mem[i++] = value;
      |                ^~
tests/../src/vector/fvector.hpp:114:14: error: structured binding declaration cannot have type ‘micron::fvector<T, Alloc>::__mem’ [-Wtemplate-body]
  114 |         __mem[i++] = value;
      |              ^
tests/../src/vector/fvector.hpp:114:14: note: type must be cv-qualified ‘auto’ or reference to cv-qualified ‘auto’
tests/../src/vector/fvector.hpp:114:15: warning: declaration of ‘i’ shadows a previous local [-Wshadow]
  114 |         __mem[i++] = value;
      |               ^
tests/../src/vector/fvector.hpp:112:14: note: shadowed declaration is here
  112 |       size_t i = 0;
      |              ^
tests/../src/vector/fvector.hpp: In constructor ‘micron::fvector<T, Alloc>::fvector(size_t)’:
tests/../src/vector/fvector.hpp:124:14: error: expected type-specifier before ‘&’ token [-Wtemplate-body]
  124 |         new (&__mem[i]) T();
      |              ^
tests/../src/vector/fvector.hpp:124:14: error: expected ‘)’ before ‘&’ token [-Wtemplate-body]
tests/../src/vector/fvector.hpp:124:13: note: to match this ‘(’
  124 |         new (&__mem[i]) T();
      |             ^
tests/../src/vector/fvector.hpp:124:20: error: expected primary-expression before ‘[’ token [-Wtemplate-body]
  124 |         new (&__mem[i]) T();
      |                    ^
tests/../src/vector/fvector.hpp:127:14: error: structured binding declaration cannot have type ‘micron::fvector<T, Alloc>::__mem’ [-Wtemplate-body]
  127 |         __mem[i] = T{};
      |              ^~~
tests/../src/vector/fvector.hpp:127:14: note: type must be cv-qualified ‘auto’ or reference to cv-qualified ‘auto’
tests/../src/vector/fvector.hpp:127:15: error: redeclaration of ‘auto i’ [-Wtemplate-body]
  127 |         __mem[i] = T{};
      |               ^
tests/../src/vector/fvector.hpp:126:20: note: ‘size_t i’ previously declared here
  126 |       for ( size_t i = 0; i < n; i++ )
      |                    ^
tests/../src/vector/fvector.hpp: In constructor ‘micron::fvector<T, Alloc>::fvector(size_t, Args ...)’:
tests/../src/vector/fvector.hpp:136:12: error: expected type-specifier before ‘&’ token [-Wtemplate-body]
  136 |       new (&__mem[i]) T(args...);
      |            ^
tests/../src/vector/fvector.hpp:136:12: error: expected ‘)’ before ‘&’ token [-Wtemplate-body]
tests/../src/vector/fvector.hpp:136:11: note: to match this ‘(’
  136 |       new (&__mem[i]) T(args...);
      |           ^
tests/../src/vector/fvector.hpp:136:18: error: expected primary-expression before ‘[’ token [-Wtemplate-body]
  136 |       new (&__mem[i]) T(args...);
      |                  ^
tests/../src/vector/fvector.hpp: In constructor ‘micron::fvector<T, Alloc>::fvector(size_t, const T&)’:
tests/../src/vector/fvector.hpp:143:14: error: expected type-specifier before ‘&’ token [-Wtemplate-body]
  143 |         new (&__mem[i]) T(init_value);
      |              ^
tests/../src/vector/fvector.hpp:143:14: error: expected ‘)’ before ‘&’ token [-Wtemplate-body]
tests/../src/vector/fvector.hpp:143:13: note: to match this ‘(’
  143 |         new (&__mem[i]) T(init_value);
      |             ^
tests/../src/vector/fvector.hpp:143:20: error: expected primary-expression before ‘[’ token [-Wtemplate-body]
  143 |         new (&__mem[i]) T(init_value);
      |                    ^
tests/../src/vector/fvector.hpp:146:14: error: structured binding declaration cannot have type ‘micron::fvector<T, Alloc>::__mem’ [-Wtemplate-body]
  146 |         __mem[i] = init_value;
      |              ^~~
tests/../src/vector/fvector.hpp:146:14: note: type must be cv-qualified ‘auto’ or reference to cv-qualified ‘auto’
tests/../src/vector/fvector.hpp:146:15: error: redeclaration of ‘auto i’ [-Wtemplate-body]
  146 |         __mem[i] = init_value;
      |               ^
tests/../src/vector/fvector.hpp:145:20: note: ‘size_t i’ previously declared here
  145 |       for ( size_t i = 0; i < n; i++ )
      |                    ^
tests/../src/vector/fvector.hpp: In constructor ‘micron::fvector<T, Alloc>::fvector(size_t, T&&)’:
tests/../src/vector/fvector.hpp:155:14: error: expected type-specifier before ‘&’ token [-Wtemplate-body]
  155 |         new (&__mem[i]) T(tmp);
      |              ^
tests/../src/vector/fvector.hpp:155:14: error: expected ‘)’ before ‘&’ token [-Wtemplate-body]
tests/../src/vector/fvector.hpp:155:13: note: to match this ‘(’
  155 |         new (&__mem[i]) T(tmp);
      |             ^
tests/../src/vector/fvector.hpp:155:20: error: expected primary-expression before ‘[’ token [-Wtemplate-body]
  155 |         new (&__mem[i]) T(tmp);
      |                    ^
tests/../src/vector/fvector.hpp:158:14: error: structured binding declaration cannot have type ‘micron::fvector<T, Alloc>::__mem’ [-Wtemplate-body]
  158 |         __mem[i] = init_value;
      |              ^~~
tests/../src/vector/fvector.hpp:158:14: note: type must be cv-qualified ‘auto’ or reference to cv-qualified ‘auto’
tests/../src/vector/fvector.hpp:158:15: error: redeclaration of ‘auto i’ [-Wtemplate-body]
  158 |         __mem[i] = init_value;
      |               ^
tests/../src/vector/fvector.hpp:157:20: note: ‘size_t i’ previously declared here
  157 |       for ( size_t i = 0; i < n; i++ )
      |                    ^
tests/../src/vector/fvector.hpp: In member function ‘byte* micron::fvector<T, Alloc>::operator&() volatile’:
tests/../src/vector/fvector.hpp:201:42: error: expected primary-expression before ‘.’ token [-Wtemplate-body]
  201 |     return reinterpret_cast<byte *>(__mem.get());
      |                                          ^
tests/../src/vector/fvector.hpp: In member function ‘const byte* micron::fvector<T, Alloc>::operator&() const volatile’:
tests/../src/vector/fvector.hpp:206:42: error: expected primary-expression before ‘.’ token [-Wtemplate-body]
  206 |     return reinterpret_cast<byte *>(__mem.get());
      |                                          ^
tests/../src/vector/fvector.hpp: In lambda function:
tests/../src/vector/fvector.hpp:241:22: error: expected ‘{’ before ‘;’ token [-Wtemplate-body]
  241 |     return (__mem)[n];
      |                      ^
tests/../src/vector/fvector.hpp: In lambda function:
tests/../src/vector/fvector.hpp:249:22: error: expected ‘{’ before ‘;’ token [-Wtemplate-body]
  249 |     return (__mem)[n];
      |                      ^
tests/../src/vector/fvector.hpp: In lambda function:
tests/../src/vector/fvector.hpp:256:22: error: expected ‘{’ before ‘;’ token [-Wtemplate-body]
  256 |     return (__mem)[n];
      |                      ^
tests/../src/vector/fvector.hpp: In lambda function:
tests/../src/vector/fvector.hpp:270:23: error: expected ‘{’ before ‘;’ token [-Wtemplate-body]
  270 |     return &(__mem)[n];
      |                       ^
tests/../src/vector/fvector.hpp: In member function ‘micron::fvector<T, Alloc>& micron::fvector<T, Alloc>::append(const micron::fvector<C>&)’:
tests/../src/vector/fvector.hpp:282:35: error: expected primary-expression before ‘[’ token [-Wtemplate-body]
  282 |     __impl_copy(micron::addr(__mem[__mem::length]), micron::addr(o.memory[0]), o.length);
      |                                   ^
tests/../src/vector/fvector.hpp: In member function ‘micron::fvector<T, Alloc>& micron::fvector<T, Alloc>::weld(micron::fvector<C>&&)’:
tests/../src/vector/fvector.hpp:296:26: error: capture of non-variable ‘micron::fvector<T, Alloc>::__mem’ [-Wtemplate-body]
  296 |     __impl_copy(&(__mem)[__mem::length], &o.memory[0], o.length);
      |                          ^~~~~
tests/../src/vector/fvector.hpp:33:9: note: ‘using micron::fvector<T, Alloc>::__mem = struct micron::__mutable_memory_resource<T, Alloc>’ declared here
   33 |   using __mem = __mutable_memory_resource<T, Alloc>;
      |         ^~~~~
tests/../src/vector/fvector.hpp:296:24: error: expected primary-expression before ‘)’ token [-Wtemplate-body]
  296 |     __impl_copy(&(__mem)[__mem::length], &o.memory[0], o.length);
      |                        ^
tests/../src/vector/fvector.hpp: In member function ‘micron::slice<unsigned char> micron::fvector<T, Alloc>::into_bytes()’:
tests/../src/vector/fvector.hpp:349:23: error: expected primary-expression before ‘(’ token [-Wtemplate-body]
  349 |     return slice<byte>(reinterpret_cast<byte *>(&__mem[0]), reinterpret_cast<byte *>(&__mem[__mem::length]));
      |                       ^
tests/../src/vector/fvector.hpp:349:55: error: expected primary-expression before ‘[’ token [-Wtemplate-body]
  349 |     return slice<byte>(reinterpret_cast<byte *>(&__mem[0]), reinterpret_cast<byte *>(&__mem[__mem::length]));
      |                                                       ^
tests/../src/vector/fvector.hpp:349:92: error: expected primary-expression before ‘[’ token [-Wtemplate-body]
  349 |     return slice<byte>(reinterpret_cast<byte *>(&__mem[0]), reinterpret_cast<byte *>(&__mem[__mem::length]));
      |                                                                                            ^
tests/../src/vector/fvector.hpp: In member function ‘void micron::fvector<T, Alloc>::fill(const T&)’:
tests/../src/vector/fvector.hpp:360:12: error: structured binding declaration cannot have type ‘micron::fvector<T, Alloc>::__mem’ [-Wtemplate-body]
  360 |       __mem[i] = v;
      |            ^~~
tests/../src/vector/fvector.hpp:360:12: note: type must be cv-qualified ‘auto’ or reference to cv-qualified ‘auto’
tests/../src/vector/fvector.hpp:360:13: error: redeclaration of ‘auto i’ [-Wtemplate-body]
  360 |       __mem[i] = v;
      |             ^
tests/../src/vector/fvector.hpp:359:18: note: ‘size_t i’ previously declared here
  359 |     for ( size_t i = 0; i < __mem::length; i++ )
      |                  ^
tests/../src/vector/fvector.hpp: In member function ‘void micron::fvector<T, Alloc>::emplace_back(Args&& ...)’:
tests/../src/vector/fvector.hpp:384:12: error: expected type-specifier before ‘&’ token [-Wtemplate-body]
  384 |       new (&__mem[__mem::length++]) T(micron::move(micron::forward<Args>(v)...));
      |            ^
tests/../src/vector/fvector.hpp:384:12: error: expected ‘)’ before ‘&’ token [-Wtemplate-body]
tests/../src/vector/fvector.hpp:384:11: note: to match this ‘(’
  384 |       new (&__mem[__mem::length++]) T(micron::move(micron::forward<Args>(v)...));
      |           ^
tests/../src/vector/fvector.hpp:384:18: error: expected primary-expression before ‘[’ token [-Wtemplate-body]
  384 |       new (&__mem[__mem::length++]) T(micron::move(micron::forward<Args>(v)...));
      |                  ^
tests/../src/vector/fvector.hpp:388:12: error: expected type-specifier before ‘&’ token [-Wtemplate-body]
  388 |       new (&__mem[__mem::length++]) T(micron::move(micron::forward<Args>(v)...));
      |            ^
tests/../src/vector/fvector.hpp:388:12: error: expected ‘)’ before ‘&’ token [-Wtemplate-body]
tests/../src/vector/fvector.hpp:388:11: note: to match this ‘(’
  388 |       new (&__mem[__mem::length++]) T(micron::move(micron::forward<Args>(v)...));
      |           ^
tests/../src/vector/fvector.hpp:388:18: error: expected primary-expression before ‘[’ token [-Wtemplate-body]
  388 |       new (&__mem[__mem::length++]) T(micron::move(micron::forward<Args>(v)...));
      |                  ^
tests/../src/vector/fvector.hpp: In member function ‘void micron::fvector<T, Alloc>::emplace_back(V)’:
tests/../src/vector/fvector.hpp:396:18: error: expected ‘]’ before ‘::’ token [-Wtemplate-body]
  396 |       __mem[__mem::length++] = static_cast<T>(v);
      |                  ^~
tests/../src/vector/fvector.hpp:396:12: error: structured binding declaration cannot have type ‘micron::fvector<T, Alloc>::__mem’ [-Wtemplate-body]
  396 |       __mem[__mem::length++] = static_cast<T>(v);
      |            ^
tests/../src/vector/fvector.hpp:396:12: note: type must be cv-qualified ‘auto’ or reference to cv-qualified ‘auto’
tests/../src/vector/fvector.hpp:396:13: warning: declaration of ‘__mem’ shadows a member of ‘micron::fvector<T, Alloc>’ [-Wshadow]
  396 |       __mem[__mem::length++] = static_cast<T>(v);
      |             ^~~~~
tests/../src/vector/fvector.hpp:33:9: note: shadowed declaration is here
   33 |   using __mem = __mutable_memory_resource<T, Alloc>;
      |         ^~~~~
tests/../src/vector/fvector.hpp:400:18: error: expected ‘]’ before ‘::’ token [-Wtemplate-body]
  400 |       __mem[__mem::length++] = static_cast<T>(v);
      |                  ^~
tests/../src/vector/fvector.hpp:400:12: error: structured binding declaration cannot have type ‘micron::fvector<T, Alloc>::__mem’ [-Wtemplate-body]
  400 |       __mem[__mem::length++] = static_cast<T>(v);
      |            ^
tests/../src/vector/fvector.hpp:400:12: note: type must be cv-qualified ‘auto’ or reference to cv-qualified ‘auto’
tests/../src/vector/fvector.hpp:400:13: warning: declaration of ‘__mem’ shadows a member of ‘micron::fvector<T, Alloc>’ [-Wshadow]
  400 |       __mem[__mem::length++] = static_cast<T>(v);
      |             ^~~~~
tests/../src/vector/fvector.hpp:33:9: note: shadowed declaration is here
   33 |   using __mem = __mutable_memory_resource<T, Alloc>;
      |         ^~~~~
tests/../src/vector/fvector.hpp: In member function ‘T* micron::fvector<T, Alloc>::get(size_t)’:
tests/../src/vector/fvector.hpp:408:19: error: expected primary-expression before ‘[’ token [-Wtemplate-body]
  408 |     return &(__mem[n]);
      |                   ^
tests/../src/vector/fvector.hpp: In member function ‘const T* micron::fvector<T, Alloc>::get(size_t) const’:
tests/../src/vector/fvector.hpp:415:19: error: expected primary-expression before ‘[’ token [-Wtemplate-body]
  415 |     return &(__mem[n]);
      |                   ^
tests/../src/vector/fvector.hpp: In member function ‘const T* micron::fvector<T, Alloc>::cget(size_t) const’:
tests/../src/vector/fvector.hpp:422:19: error: expected primary-expression before ‘[’ token [-Wtemplate-body]
  422 |     return &(__mem[n]);
      |                   ^
tests/../src/vector/fvector.hpp: In member function ‘T* micron::fvector<T, Alloc>::begin()’:
tests/../src/vector/fvector.hpp:445:18: error: expected primary-expression before ‘.’ token [-Wtemplate-body]
  445 |     return (__mem.get());
      |                  ^
tests/../src/vector/fvector.hpp: In member function ‘const T* micron::fvector<T, Alloc>::begin() const’:
tests/../src/vector/fvector.hpp:450:18: error: expected primary-expression before ‘.’ token [-Wtemplate-body]
  450 |     return (__mem.get());
      |                  ^
tests/../src/vector/fvector.hpp: In member function ‘const T* micron::fvector<T, Alloc>::cbegin() const’:
tests/../src/vector/fvector.hpp:455:18: error: expected primary-expression before ‘.’ token [-Wtemplate-body]
  455 |     return (__mem.get());
      |                  ^
tests/../src/vector/fvector.hpp: In lambda function:
tests/../src/vector/fvector.hpp:491:25: error: expected ‘{’ before ‘;’ token [-Wtemplate-body]
  491 |     T *its = &(__mem)[n];
      |                         ^
tests/../src/vector/fvector.hpp: In member function ‘T* micron::fvector<T, Alloc>::insert(size_t, const T&)’:
tests/../src/vector/fvector.hpp:492:23: error: capture of non-variable ‘micron::fvector<T, Alloc>::__mem’ [-Wtemplate-body]
  492 |     T *ite = &(__mem)[__mem::length - 1];
      |                       ^~~~~
tests/../src/vector/fvector.hpp:33:9: note: ‘using micron::fvector<T, Alloc>::__mem = struct micron::__mutable_memory_resource<T, Alloc>’ declared here
   33 |   using __mem = __mutable_memory_resource<T, Alloc>;
      |         ^~~~~
tests/../src/vector/fvector.hpp:492:21: error: expected primary-expression before ‘)’ token [-Wtemplate-body]
  492 |     T *ite = &(__mem)[__mem::length - 1];
      |                     ^
tests/../src/vector/fvector.hpp: In member function ‘T* micron::fvector<T, Alloc>::insert(iterator, T&&)’:
tests/../src/vector/fvector.hpp:525:50: error: expected primary-expression before ‘.’ token [-Wtemplate-body]
  525 |       size_t dif = static_cast<size_t>(it - __mem.get());
      |                                                  ^
tests/../src/vector/fvector.hpp: In member function ‘T* micron::fvector<T, Alloc>::insert_sort(T&&)’:
tests/../src/vector/fvector.hpp:576:17: error: structured bindings in conditions only available with ‘-std=c++2c’ or ‘-std=gnu++2c’ [-Wc++26-extensions]
  576 |       if ( __mem[i] >= val ) {
      |                 ^
tests/../src/vector/fvector.hpp:576:17: error: structured binding declaration cannot have type ‘micron::fvector<T, Alloc>::__mem’ [-Wtemplate-body]
  576 |       if ( __mem[i] >= val ) {
      |                 ^~~
tests/../src/vector/fvector.hpp:576:17: note: type must be cv-qualified ‘auto’ or reference to cv-qualified ‘auto’
tests/../src/vector/fvector.hpp:576:18: warning: declaration of ‘i’ shadows a previous local [-Wshadow]
  576 |       if ( __mem[i] >= val ) {
      |                  ^
tests/../src/vector/fvector.hpp:574:12: note: shadowed declaration is here
  574 |     size_t i = 0;
      |            ^
tests/../src/vector/fvector.hpp:576:21: error: expected initializer before ‘>=’ token [-Wtemplate-body]
  576 |       if ( __mem[i] >= val ) {
      |                     ^~
tests/../src/vector/fvector.hpp:576:21: error: expected ‘)’ before ‘>=’ token [-Wtemplate-body]
tests/../src/vector/fvector.hpp:576:10: note: to match this ‘(’
  576 |       if ( __mem[i] >= val ) {
      |          ^
tests/../src/vector/fvector.hpp:584:19: error: expected primary-expression before ‘[’ token [-Wtemplate-body]
  584 |     T *it = &__mem[i];
      |                   ^
tests/../src/vector/fvector.hpp: In member function ‘micron::fvector<T, Alloc>& micron::fvector<T, Alloc>::assign(size_t, const T&)’:
tests/../src/vector/fvector.hpp:600:12: error: expected type-specifier before ‘&’ token [-Wtemplate-body]
  600 |       new (&__mem[i]) T(val);
      |            ^
tests/../src/vector/fvector.hpp:600:12: error: expected ‘)’ before ‘&’ token [-Wtemplate-body]
tests/../src/vector/fvector.hpp:600:11: note: to match this ‘(’
  600 |       new (&__mem[i]) T(val);
      |           ^
tests/../src/vector/fvector.hpp:600:18: error: expected primary-expression before ‘[’ token [-Wtemplate-body]
  600 |       new (&__mem[i]) T(val);
      |                  ^
tests/../src/vector/fvector.hpp: In member function ‘void micron::fvector<T, Alloc>::push_back(const T&)’:
tests/../src/vector/fvector.hpp:610:14: error: expected type-specifier before ‘&’ token [-Wtemplate-body]
  610 |         new (&__mem[__mem::length++]) T(v);
      |              ^
tests/../src/vector/fvector.hpp:610:14: error: expected ‘)’ before ‘&’ token [-Wtemplate-body]
tests/../src/vector/fvector.hpp:610:13: note: to match this ‘(’
  610 |         new (&__mem[__mem::length++]) T(v);
      |             ^
tests/../src/vector/fvector.hpp:610:20: error: expected primary-expression before ‘[’ token [-Wtemplate-body]
  610 |         new (&__mem[__mem::length++]) T(v);
      |                    ^
tests/../src/vector/fvector.hpp:614:14: error: expected type-specifier before ‘&’ token [-Wtemplate-body]
  614 |         new (&__mem[__mem::length++]) T(v);
      |              ^
tests/../src/vector/fvector.hpp:614:14: error: expected ‘)’ before ‘&’ token [-Wtemplate-body]
tests/../src/vector/fvector.hpp:614:13: note: to match this ‘(’
  614 |         new (&__mem[__mem::length++]) T(v);
      |             ^
tests/../src/vector/fvector.hpp:614:20: error: expected primary-expression before ‘[’ token [-Wtemplate-body]
  614 |         new (&__mem[__mem::length++]) T(v);
      |                    ^
tests/../src/vector/fvector.hpp:618:20: error: expected ‘]’ before ‘::’ token [-Wtemplate-body]
  618 |         __mem[__mem::length++] = v;
      |                    ^~
tests/../src/vector/fvector.hpp:618:14: error: structured binding declaration cannot have type ‘micron::fvector<T, Alloc>::__mem’ [-Wtemplate-body]
  618 |         __mem[__mem::length++] = v;
      |              ^
tests/../src/vector/fvector.hpp:618:14: note: type must be cv-qualified ‘auto’ or reference to cv-qualified ‘auto’
tests/../src/vector/fvector.hpp:618:15: warning: declaration of ‘__mem’ shadows a member of ‘micron::fvector<T, Alloc>’ [-Wshadow]
  618 |         __mem[__mem::length++] = v;
      |               ^~~~~
tests/../src/vector/fvector.hpp:33:9: note: shadowed declaration is here
   33 |   using __mem = __mutable_memory_resource<T, Alloc>;
      |         ^~~~~
tests/../src/vector/fvector.hpp:622:20: error: expected ‘]’ before ‘::’ token [-Wtemplate-body]
  622 |         __mem[__mem::length++] = v;
      |                    ^~
tests/../src/vector/fvector.hpp:622:14: error: structured binding declaration cannot have type ‘micron::fvector<T, Alloc>::__mem’ [-Wtemplate-body]
  622 |         __mem[__mem::length++] = v;
      |              ^
tests/../src/vector/fvector.hpp:622:14: note: type must be cv-qualified ‘auto’ or reference to cv-qualified ‘auto’
tests/../src/vector/fvector.hpp:622:15: warning: declaration of ‘__mem’ shadows a member of ‘micron::fvector<T, Alloc>’ [-Wshadow]
  622 |         __mem[__mem::length++] = v;
      |               ^~~~~
tests/../src/vector/fvector.hpp:33:9: note: shadowed declaration is here
   33 |   using __mem = __mutable_memory_resource<T, Alloc>;
      |         ^~~~~
tests/../src/vector/fvector.hpp: In member function ‘void micron::fvector<T, Alloc>::push_back(T&&)’:
tests/../src/vector/fvector.hpp:631:14: error: expected type-specifier before ‘&’ token [-Wtemplate-body]
  631 |         new (&__mem[__mem::length++]) T(v);
      |              ^
tests/../src/vector/fvector.hpp:631:14: error: expected ‘)’ before ‘&’ token [-Wtemplate-body]
tests/../src/vector/fvector.hpp:631:13: note: to match this ‘(’
  631 |         new (&__mem[__mem::length++]) T(v);
      |             ^
tests/../src/vector/fvector.hpp:631:20: error: expected primary-expression before ‘[’ token [-Wtemplate-body]
  631 |         new (&__mem[__mem::length++]) T(v);
      |                    ^
tests/../src/vector/fvector.hpp:635:14: error: expected type-specifier before ‘&’ token [-Wtemplate-body]
  635 |         new (&__mem[__mem::length++]) T(v);
      |              ^
tests/../src/vector/fvector.hpp:635:14: error: expected ‘)’ before ‘&’ token [-Wtemplate-body]
tests/../src/vector/fvector.hpp:635:13: note: to match this ‘(’
  635 |         new (&__mem[__mem::length++]) T(v);
      |             ^
tests/../src/vector/fvector.hpp:635:20: error: expected primary-expression before ‘[’ token [-Wtemplate-body]
  635 |         new (&__mem[__mem::length++]) T(v);
      |                    ^
tests/../src/vector/fvector.hpp:639:20: error: expected ‘]’ before ‘::’ token [-Wtemplate-body]
  639 |         __mem[__mem::length++] = micron::move(v);
      |                    ^~
tests/../src/vector/fvector.hpp:639:14: error: structured binding declaration cannot have type ‘micron::fvector<T, Alloc>::__mem’ [-Wtemplate-body]
  639 |         __mem[__mem::length++] = micron::move(v);
      |              ^
tests/../src/vector/fvector.hpp:639:14: note: type must be cv-qualified ‘auto’ or reference to cv-qualified ‘auto’
tests/../src/vector/fvector.hpp:639:15: warning: declaration of ‘__mem’ shadows a member of ‘micron::fvector<T, Alloc>’ [-Wshadow]
  639 |         __mem[__mem::length++] = micron::move(v);
      |               ^~~~~
tests/../src/vector/fvector.hpp:33:9: note: shadowed declaration is here
   33 |   using __mem = __mutable_memory_resource<T, Alloc>;
      |         ^~~~~
tests/../src/vector/fvector.hpp:643:20: error: expected ‘]’ before ‘::’ token [-Wtemplate-body]
  643 |         __mem[__mem::length++] = micron::move(v);
      |                    ^~
tests/../src/vector/fvector.hpp:643:14: error: structured binding declaration cannot have type ‘micron::fvector<T, Alloc>::__mem’ [-Wtemplate-body]
  643 |         __mem[__mem::length++] = micron::move(v);
      |              ^
tests/../src/vector/fvector.hpp:643:14: note: type must be cv-qualified ‘auto’ or reference to cv-qualified ‘auto’
tests/../src/vector/fvector.hpp:643:15: warning: declaration of ‘__mem’ shadows a member of ‘micron::fvector<T, Alloc>’ [-Wshadow]
  643 |         __mem[__mem::length++] = micron::move(v);
      |               ^~~~~
tests/../src/vector/fvector.hpp:33:9: note: shadowed declaration is here
   33 |   using __mem = __mutable_memory_resource<T, Alloc>;
      |         ^~~~~
tests/../src/vector/fvector.hpp: In member function ‘void micron::fvector<T, Alloc>::pop_back()’:
tests/../src/vector/fvector.hpp:652:13: error: expected primary-expression before ‘)’ token [-Wtemplate-body]
  652 |       (__mem)[(__mem::length - 1)].~T();
      |             ^
tests/../src/vector/fvector.hpp:654:13: error: expected primary-expression before ‘)’ token [-Wtemplate-body]
  654 |       (__mem)[(__mem::length - 1)] = 0x0;
      |             ^
tests/../src/vector/fvector.hpp:656:70: error: capture of non-variable ‘micron::fvector<T, Alloc>::__mem’ [-Wtemplate-body]
  656 |     czero<sizeof(T) / sizeof(byte)>((byte *)micron::voidify(&(__mem)[__mem::length-- - 1]));
      |                                                                      ^~~~~
tests/../src/vector/fvector.hpp:33:9: note: ‘using micron::fvector<T, Alloc>::__mem = struct micron::__mutable_memory_resource<T, Alloc>’ declared here
   33 |   using __mem = __mutable_memory_resource<T, Alloc>;
      |         ^~~~~
tests/../src/vector/fvector.hpp:656:68: error: expected primary-expression before ‘)’ token [-Wtemplate-body]
  656 |     czero<sizeof(T) / sizeof(byte)>((byte *)micron::voidify(&(__mem)[__mem::length-- - 1]));
      |                                                                    ^
tests/../src/vector/fvector.hpp: In lambda function:
tests/../src/vector/fvector.hpp:671:20: error: expected ‘{’ before ‘=’ token [-Wtemplate-body]
  671 |         (__mem)[i] = micron::move((__mem)[i + 1]);
      |                    ^
tests/../src/vector/fvector.hpp: In member function ‘void micron::fvector<T, Alloc>::erase(iterator)’:
tests/../src/vector/fvector.hpp:671:41: error: expected primary-expression before ‘)’ token [-Wtemplate-body]
  671 |         (__mem)[i] = micron::move((__mem)[i + 1]);
      |                                         ^
tests/../src/vector/fvector.hpp:675:70: error: capture of non-variable ‘micron::fvector<T, Alloc>::__mem’ [-Wtemplate-body]
  675 |     czero<sizeof(T) / sizeof(byte)>((byte *)micron::voidify(&(__mem)[__mem::length-- - 1]));
      |                                                                      ^~~~~
tests/../src/vector/fvector.hpp:33:9: note: ‘using micron::fvector<T, Alloc>::__mem = struct micron::__mutable_memory_resource<T, Alloc>’ declared here
   33 |   using __mem = __mutable_memory_resource<T, Alloc>;
      |         ^~~~~
tests/../src/vector/fvector.hpp:675:68: error: expected primary-expression before ‘)’ token [-Wtemplate-body]
  675 |     czero<sizeof(T) / sizeof(byte)>((byte *)micron::voidify(&(__mem)[__mem::length-- - 1]));
      |                                                                    ^
tests/../src/vector/fvector.hpp: In lambda function:
tests/../src/vector/fvector.hpp:683:20: error: expected ‘{’ before ‘;’ token [-Wtemplate-body]
  683 |       ~(__mem)[n]();
      |                    ^
tests/../src/vector/fvector.hpp: In lambda function:
tests/../src/vector/fvector.hpp:690:20: error: expected ‘{’ before ‘=’ token [-Wtemplate-body]
  690 |         (__mem)[i] = micron::move((__mem)[i + 1]);
      |                    ^
tests/../src/vector/fvector.hpp: In member function ‘void micron::fvector<T, Alloc>::erase(size_t)’:
tests/../src/vector/fvector.hpp:690:41: error: expected primary-expression before ‘)’ token [-Wtemplate-body]
  690 |         (__mem)[i] = micron::move((__mem)[i + 1]);
      |                                         ^
tests/../src/vector/fvector.hpp:692:24: error: expected primary-expression before ‘[’ token [-Wtemplate-body]
  692 |       __impl_copy(__mem[n], __mem[n + 1], __mem::length);
      |                        ^
tests/../src/vector/fvector.hpp:692:34: error: expected primary-expression before ‘[’ token [-Wtemplate-body]
  692 |       __impl_copy(__mem[n], __mem[n + 1], __mem::length);
      |                                  ^
tests/../src/vector/fvector.hpp:694:70: error: capture of non-variable ‘micron::fvector<T, Alloc>::__mem’ [-Wtemplate-body]
  694 |     czero<sizeof(T) / sizeof(byte)>((byte *)micron::voidify(&(__mem)[__mem::length-- - 1]));
      |                                                                      ^~~~~
tests/../src/vector/fvector.hpp:33:9: note: ‘using micron::fvector<T, Alloc>::__mem = struct micron::__mutable_memory_resource<T, Alloc>’ declared here
   33 |   using __mem = __mutable_memory_resource<T, Alloc>;
      |         ^~~~~
tests/../src/vector/fvector.hpp:694:68: error: expected primary-expression before ‘)’ token [-Wtemplate-body]
  694 |     czero<sizeof(T) / sizeof(byte)>((byte *)micron::voidify(&(__mem)[__mem::length-- - 1]));
      |                                                                    ^
tests/../src/vector/fvector.hpp: In lambda function:
tests/../src/vector/fvector.hpp:704:19: error: expected ‘{’ before ‘.’ token [-Wtemplate-body]
  704 |         (__mem)[i].~T();
      |                   ^
tests/../src/vector/fvector.hpp: In member function ‘void micron::fvector<T, Alloc>::clear()’:
tests/../src/vector/fvector.hpp:706:49: error: expected primary-expression before ‘)’ token [-Wtemplate-body]
  706 |     micron::zero((byte *)micron::voidify(&(__mem)[0]), __mem::capacity() * (sizeof(T) / sizeof(byte)));
      |                                                 ^
tests/../src/vector/fvector.hpp: In member function ‘const T& micron::fvector<T, Alloc>::front() const’:
tests/../src/vector/fvector.hpp:713:18: error: expected primary-expression before ‘)’ token [-Wtemplate-body]
  713 |     return (__mem)[0];
      |                  ^
tests/../src/vector/fvector.hpp: In member function ‘const T& micron::fvector<T, Alloc>::back() const’:
tests/../src/vector/fvector.hpp:718:20: error: capture of non-variable ‘micron::fvector<T, Alloc>::__mem’ [-Wtemplate-body]
  718 |     return (__mem)[__mem::length - 1];
      |                    ^~~~~
tests/../src/vector/fvector.hpp:33:9: note: ‘using micron::fvector<T, Alloc>::__mem = struct micron::__mutable_memory_resource<T, Alloc>’ declared here
   33 |   using __mem = __mutable_memory_resource<T, Alloc>;
      |         ^~~~~
tests/../src/vector/fvector.hpp:718:18: error: expected primary-expression before ‘)’ token [-Wtemplate-body]
  718 |     return (__mem)[__mem::length - 1];
      |                  ^
tests/../src/vector/fvector.hpp: In member function ‘T& micron::fvector<T, Alloc>::front()’:
tests/../src/vector/fvector.hpp:723:18: error: expected primary-expression before ‘)’ token [-Wtemplate-body]
  723 |     return (__mem)[0];
      |                  ^
tests/../src/vector/fvector.hpp: In member function ‘T& micron::fvector<T, Alloc>::back()’:
tests/../src/vector/fvector.hpp:728:20: error: capture of non-variable ‘micron::fvector<T, Alloc>::__mem’ [-Wtemplate-body]
  728 |     return (__mem)[__mem::length - 1];
      |                    ^~~~~
tests/../src/vector/fvector.hpp:33:9: note: ‘using micron::fvector<T, Alloc>::__mem = struct micron::__mutable_memory_resource<T, Alloc>’ declared here
   33 |   using __mem = __mutable_memory_resource<T, Alloc>;
      |         ^~~~~
tests/../src/vector/fvector.hpp:728:18: error: expected primary-expression before ‘)’ token [-Wtemplate-body]
  728 |     return (__mem)[__mem::length - 1];
      |                  ^
In file included from tests/../src/vector/svector.hpp:12,
                 from tests/vector.cpp:11:
tests/../src/vector/vector.hpp: In constructor ‘micron::vector<T, Alloc>::vector(const std::initializer_list<_Tp>&)’:
tests/../src/vector/vector.hpp:108:14: error: expected type-specifier before ‘&’ token [-Wtemplate-body]
  108 |         new (&__mem[i++]) T(micron::move(value));
      |              ^
tests/../src/vector/vector.hpp:108:14: error: expected ‘)’ before ‘&’ token [-Wtemplate-body]
tests/../src/vector/vector.hpp:108:13: note: to match this ‘(’
  108 |         new (&__mem[i++]) T(micron::move(value));
      |             ^
tests/../src/vector/vector.hpp:108:20: error: expected primary-expression before ‘[’ token [-Wtemplate-body]
  108 |         new (&__mem[i++]) T(micron::move(value));
      |                    ^
tests/../src/vector/vector.hpp:114:16: error: expected ‘]’ before ‘++’ token [-Wtemplate-body]
  114 |         __mem[i++] = value;
      |                ^~
tests/../src/vector/vector.hpp:114:14: error: structured binding declaration cannot have type ‘micron::vector<T, Alloc>::__mem’ [-Wtemplate-body]
  114 |         __mem[i++] = value;
      |              ^
tests/../src/vector/vector.hpp:114:14: note: type must be cv-qualified ‘auto’ or reference to cv-qualified ‘auto’
tests/../src/vector/vector.hpp:114:15: warning: declaration of ‘i’ shadows a previous local [-Wshadow]
  114 |         __mem[i++] = value;
      |               ^
tests/../src/vector/vector.hpp:112:14: note: shadowed declaration is here
  112 |       size_t i = 0;
      |              ^
tests/../src/vector/vector.hpp: In constructor ‘micron::vector<T, Alloc>::vector(size_t)’:
tests/../src/vector/vector.hpp:124:14: error: expected type-specifier before ‘&’ token [-Wtemplate-body]
  124 |         new (&__mem[i]) T();
      |              ^
tests/../src/vector/vector.hpp:124:14: error: expected ‘)’ before ‘&’ token [-Wtemplate-body]
tests/../src/vector/vector.hpp:124:13: note: to match this ‘(’
  124 |         new (&__mem[i]) T();
      |             ^
tests/../src/vector/vector.hpp:124:20: error: expected primary-expression before ‘[’ token [-Wtemplate-body]
  124 |         new (&__mem[i]) T();
      |                    ^
tests/../src/vector/vector.hpp:127:14: error: structured binding declaration cannot have type ‘micron::vector<T, Alloc>::__mem’ [-Wtemplate-body]
  127 |         __mem[i] = T{};
      |              ^~~
tests/../src/vector/vector.hpp:127:14: note: type must be cv-qualified ‘auto’ or reference to cv-qualified ‘auto’
tests/../src/vector/vector.hpp:127:15: error: redeclaration of ‘auto i’ [-Wtemplate-body]
  127 |         __mem[i] = T{};
      |               ^
tests/../src/vector/vector.hpp:126:20: note: ‘size_t i’ previously declared here
  126 |       for ( size_t i = 0; i < n; i++ )
      |                    ^
tests/../src/vector/vector.hpp: In constructor ‘micron::vector<T, Alloc>::vector(size_t, Args ...)’:
tests/../src/vector/vector.hpp:136:12: error: expected type-specifier before ‘&’ token [-Wtemplate-body]
  136 |       new (&__mem[i]) T(args...);
      |            ^
tests/../src/vector/vector.hpp:136:12: error: expected ‘)’ before ‘&’ token [-Wtemplate-body]
tests/../src/vector/vector.hpp:136:11: note: to match this ‘(’
  136 |       new (&__mem[i]) T(args...);
      |           ^
tests/../src/vector/vector.hpp:136:18: error: expected primary-expression before ‘[’ token [-Wtemplate-body]
  136 |       new (&__mem[i]) T(args...);
      |                  ^
tests/../src/vector/vector.hpp: In constructor ‘micron::vector<T, Alloc>::vector(size_t, const T&)’:
tests/../src/vector/vector.hpp:143:14: error: expected type-specifier before ‘&’ token [-Wtemplate-body]
  143 |         new (&__mem[i]) T(init_value);
      |              ^
tests/../src/vector/vector.hpp:143:14: error: expected ‘)’ before ‘&’ token [-Wtemplate-body]
tests/../src/vector/vector.hpp:143:13: note: to match this ‘(’
  143 |         new (&__mem[i]) T(init_value);
      |             ^
tests/../src/vector/vector.hpp:143:20: error: expected primary-expression before ‘[’ token [-Wtemplate-body]
  143 |         new (&__mem[i]) T(init_value);
      |                    ^
tests/../src/vector/vector.hpp:146:14: error: structured binding declaration cannot have type ‘micron::vector<T, Alloc>::__mem’ [-Wtemplate-body]
  146 |         __mem[i] = init_value;
      |              ^~~
tests/../src/vector/vector.hpp:146:14: note: type must be cv-qualified ‘auto’ or reference to cv-qualified ‘auto’
tests/../src/vector/vector.hpp:146:15: error: redeclaration of ‘auto i’ [-Wtemplate-body]
  146 |         __mem[i] = init_value;
      |               ^
tests/../src/vector/vector.hpp:145:20: note: ‘size_t i’ previously declared here
  145 |       for ( size_t i = 0; i < n; i++ )
      |                    ^
tests/../src/vector/vector.hpp: In constructor ‘micron::vector<T, Alloc>::vector(size_t, T&&)’:
tests/../src/vector/vector.hpp:155:14: error: expected type-specifier before ‘&’ token [-Wtemplate-body]
  155 |         new (&__mem[i]) T(tmp);
      |              ^
tests/../src/vector/vector.hpp:155:14: error: expected ‘)’ before ‘&’ token [-Wtemplate-body]
tests/../src/vector/vector.hpp:155:13: note: to match this ‘(’
  155 |         new (&__mem[i]) T(tmp);
      |             ^
tests/../src/vector/vector.hpp:155:20: error: expected primary-expression before ‘[’ token [-Wtemplate-body]
  155 |         new (&__mem[i]) T(tmp);
      |                    ^
tests/../src/vector/vector.hpp:158:14: error: structured binding declaration cannot have type ‘micron::vector<T, Alloc>::__mem’ [-Wtemplate-body]
  158 |         __mem[i] = init_value;
      |              ^~~
tests/../src/vector/vector.hpp:158:14: note: type must be cv-qualified ‘auto’ or reference to cv-qualified ‘auto’
tests/../src/vector/vector.hpp:158:15: error: redeclaration of ‘auto i’ [-Wtemplate-body]
  158 |         __mem[i] = init_value;
      |               ^
tests/../src/vector/vector.hpp:157:20: note: ‘size_t i’ previously declared here
  157 |       for ( size_t i = 0; i < n; i++ )
      |                    ^
tests/../src/vector/vector.hpp: In member function ‘byte* micron::vector<T, Alloc>::operator&() volatile’:
tests/../src/vector/vector.hpp:201:42: error: expected primary-expression before ‘.’ token [-Wtemplate-body]
  201 |     return reinterpret_cast<byte *>(__mem.get());
      |                                          ^
tests/../src/vector/vector.hpp: In member function ‘const byte* micron::vector<T, Alloc>::operator&() const volatile’:
tests/../src/vector/vector.hpp:206:42: error: expected primary-expression before ‘.’ token [-Wtemplate-body]
  206 |     return reinterpret_cast<byte *>(__mem.get());
      |                                          ^
tests/../src/vector/vector.hpp: In lambda function:
tests/../src/vector/vector.hpp:241:22: error: expected ‘{’ before ‘;’ token [-Wtemplate-body]
  241 |     return (__mem)[n];
      |                      ^
tests/../src/vector/vector.hpp: In lambda function:
tests/../src/vector/vector.hpp:249:22: error: expected ‘{’ before ‘;’ token [-Wtemplate-body]
  249 |     return (__mem)[n];
      |                      ^
tests/../src/vector/vector.hpp: In lambda function:
tests/../src/vector/vector.hpp:256:22: error: expected ‘{’ before ‘;’ token [-Wtemplate-body]
  256 |     return (__mem)[n];
      |                      ^
tests/../src/vector/vector.hpp: In lambda function:
tests/../src/vector/vector.hpp:270:23: error: expected ‘{’ before ‘;’ token [-Wtemplate-body]
  270 |     return &(__mem)[n];
      |                       ^
tests/../src/vector/vector.hpp: In member function ‘micron::vector<T, Alloc>& micron::vector<T, Alloc>::append(const micron::vector<C>&)’:
tests/../src/vector/vector.hpp:282:35: error: expected primary-expression before ‘[’ token [-Wtemplate-body]
  282 |     __impl_copy(micron::addr(__mem[__mem::length]), micron::addr(o.memory[0]), o.length);
      |                                   ^
tests/../src/vector/vector.hpp: In member function ‘micron::vector<T, Alloc>& micron::vector<T, Alloc>::weld(micron::vector<C>&&)’:
tests/../src/vector/vector.hpp:296:26: error: capture of non-variable ‘micron::vector<T, Alloc>::__mem’ [-Wtemplate-body]
  296 |     __impl_copy(&(__mem)[__mem::length], &o.memory[0], o.length);
      |                          ^~~~~
tests/../src/vector/vector.hpp:33:9: note: ‘using micron::vector<T, Alloc>::__mem = struct micron::__mutable_memory_resource<T, Alloc>’ declared here
   33 |   using __mem = __mutable_memory_resource<T, Alloc>;
      |         ^~~~~
tests/../src/vector/vector.hpp:296:24: error: expected primary-expression before ‘)’ token [-Wtemplate-body]
  296 |     __impl_copy(&(__mem)[__mem::length], &o.memory[0], o.length);
      |                        ^
tests/../src/vector/vector.hpp: In member function ‘micron::slice<unsigned char> micron::vector<T, Alloc>::into_bytes()’:
tests/../src/vector/vector.hpp:349:23: error: expected primary-expression before ‘(’ token [-Wtemplate-body]
  349 |     return slice<byte>(reinterpret_cast<byte *>(&__mem[0]),
      |                       ^
tests/../src/vector/vector.hpp:349:55: error: expected primary-expression before ‘[’ token [-Wtemplate-body]
  349 |     return slice<byte>(reinterpret_cast<byte *>(&__mem[0]),
      |                                                       ^
tests/../src/vector/vector.hpp:350:55: error: expected primary-expression before ‘[’ token [-Wtemplate-body]
  350 |                        reinterpret_cast<byte *>(&__mem[__mem::length]));
      |                                                       ^
tests/../src/vector/vector.hpp: In member function ‘void micron::vector<T, Alloc>::fill(const T&)’:
tests/../src/vector/vector.hpp:361:12: error: structured binding declaration cannot have type ‘micron::vector<T, Alloc>::__mem’ [-Wtemplate-body]
  361 |       __mem[i] = v;
      |            ^~~
tests/../src/vector/vector.hpp:361:12: note: type must be cv-qualified ‘auto’ or reference to cv-qualified ‘auto’
tests/../src/vector/vector.hpp:361:13: error: redeclaration of ‘auto i’ [-Wtemplate-body]
  361 |       __mem[i] = v;
      |             ^
tests/../src/vector/vector.hpp:360:18: note: ‘size_t i’ previously declared here
  360 |     for ( size_t i = 0; i < __mem::length; i++ )
      |                  ^
tests/../src/vector/vector.hpp: In member function ‘void micron::vector<T, Alloc>::emplace_back(Args&& ...)’:
tests/../src/vector/vector.hpp:385:12: error: expected type-specifier before ‘&’ token [-Wtemplate-body]
  385 |       new (&__mem[__mem::length++]) T(micron::move(micron::forward<Args>(v)...));
      |            ^
tests/../src/vector/vector.hpp:385:12: error: expected ‘)’ before ‘&’ token [-Wtemplate-body]
tests/../src/vector/vector.hpp:385:11: note: to match this ‘(’
  385 |       new (&__mem[__mem::length++]) T(micron::move(micron::forward<Args>(v)...));
      |           ^
tests/../src/vector/vector.hpp:385:18: error: expected primary-expression before ‘[’ token [-Wtemplate-body]
  385 |       new (&__mem[__mem::length++]) T(micron::move(micron::forward<Args>(v)...));
      |                  ^
tests/../src/vector/vector.hpp:389:12: error: expected type-specifier before ‘&’ token [-Wtemplate-body]
  389 |       new (&__mem[__mem::length++]) T(micron::move(micron::forward<Args>(v)...));
      |            ^
tests/../src/vector/vector.hpp:389:12: error: expected ‘)’ before ‘&’ token [-Wtemplate-body]
tests/../src/vector/vector.hpp:389:11: note: to match this ‘(’
  389 |       new (&__mem[__mem::length++]) T(micron::move(micron::forward<Args>(v)...));
      |           ^
tests/../src/vector/vector.hpp:389:18: error: expected primary-expression before ‘[’ token [-Wtemplate-body]
  389 |       new (&__mem[__mem::length++]) T(micron::move(micron::forward<Args>(v)...));
      |                  ^
tests/../src/vector/vector.hpp: In member function ‘void micron::vector<T, Alloc>::emplace_back(V)’:
tests/../src/vector/vector.hpp:397:18: error: expected ‘]’ before ‘::’ token [-Wtemplate-body]
  397 |       __mem[__mem::length++] = static_cast<T>(v);
      |                  ^~
tests/../src/vector/vector.hpp:397:12: error: structured binding declaration cannot have type ‘micron::vector<T, Alloc>::__mem’ [-Wtemplate-body]
  397 |       __mem[__mem::length++] = static_cast<T>(v);
      |            ^
tests/../src/vector/vector.hpp:397:12: note: type must be cv-qualified ‘auto’ or reference to cv-qualified ‘auto’
tests/../src/vector/vector.hpp:397:13: warning: declaration of ‘__mem’ shadows a member of ‘micron::vector<T, Alloc>’ [-Wshadow]
  397 |       __mem[__mem::length++] = static_cast<T>(v);
      |             ^~~~~
tests/../src/vector/vector.hpp:33:9: note: shadowed declaration is here
   33 |   using __mem = __mutable_memory_resource<T, Alloc>;
      |         ^~~~~
tests/../src/vector/vector.hpp:401:18: error: expected ‘]’ before ‘::’ token [-Wtemplate-body]
  401 |       __mem[__mem::length++] = static_cast<T>(v);
      |                  ^~
tests/../src/vector/vector.hpp:401:12: error: structured binding declaration cannot have type ‘micron::vector<T, Alloc>::__mem’ [-Wtemplate-body]
  401 |       __mem[__mem::length++] = static_cast<T>(v);
      |            ^
tests/../src/vector/vector.hpp:401:12: note: type must be cv-qualified ‘auto’ or reference to cv-qualified ‘auto’
tests/../src/vector/vector.hpp:401:13: warning: declaration of ‘__mem’ shadows a member of ‘micron::vector<T, Alloc>’ [-Wshadow]
  401 |       __mem[__mem::length++] = static_cast<T>(v);
      |             ^~~~~
tests/../src/vector/vector.hpp:33:9: note: shadowed declaration is here
   33 |   using __mem = __mutable_memory_resource<T, Alloc>;
      |         ^~~~~
tests/../src/vector/vector.hpp: In member function ‘T* micron::vector<T, Alloc>::get(size_t)’:
tests/../src/vector/vector.hpp:409:19: error: expected primary-expression before ‘[’ token [-Wtemplate-body]
  409 |     return &(__mem[n]);
      |                   ^
tests/../src/vector/vector.hpp: In member function ‘const T* micron::vector<T, Alloc>::get(size_t) const’:
tests/../src/vector/vector.hpp:416:19: error: expected primary-expression before ‘[’ token [-Wtemplate-body]
  416 |     return &(__mem[n]);
      |                   ^
tests/../src/vector/vector.hpp: In member function ‘const T* micron::vector<T, Alloc>::cget(size_t) const’:
tests/../src/vector/vector.hpp:423:19: error: expected primary-expression before ‘[’ token [-Wtemplate-body]
  423 |     return &(__mem[n]);
      |                   ^
tests/../src/vector/vector.hpp: In member function ‘T* micron::vector<T, Alloc>::begin()’:
tests/../src/vector/vector.hpp:446:18: error: expected primary-expression before ‘.’ token [-Wtemplate-body]
  446 |     return (__mem.get());
      |                  ^
tests/../src/vector/vector.hpp: In member function ‘const T* micron::vector<T, Alloc>::begin() const’:
tests/../src/vector/vector.hpp:451:18: error: expected primary-expression before ‘.’ token [-Wtemplate-body]
  451 |     return (__mem.get());
      |                  ^
tests/../src/vector/vector.hpp: In member function ‘const T* micron::vector<T, Alloc>::cbegin() const’:
tests/../src/vector/vector.hpp:456:18: error: expected primary-expression before ‘.’ token [-Wtemplate-body]
  456 |     return (__mem.get());
      |                  ^
tests/../src/vector/vector.hpp: In lambda function:
tests/../src/vector/vector.hpp:492:25: error: expected ‘{’ before ‘;’ token [-Wtemplate-body]
  492 |     T *its = &(__mem)[n];
      |                         ^
tests/../src/vector/vector.hpp: In member function ‘T* micron::vector<T, Alloc>::insert(size_t, const T&)’:
tests/../src/vector/vector.hpp:493:23: error: capture of non-variable ‘micron::vector<T, Alloc>::__mem’ [-Wtemplate-body]
  493 |     T *ite = &(__mem)[__mem::length - 1];
      |                       ^~~~~
tests/../src/vector/vector.hpp:33:9: note: ‘using micron::vector<T, Alloc>::__mem = struct micron::__mutable_memory_resource<T, Alloc>’ declared here
   33 |   using __mem = __mutable_memory_resource<T, Alloc>;
      |         ^~~~~
tests/../src/vector/vector.hpp:493:21: error: expected primary-expression before ‘)’ token [-Wtemplate-body]
  493 |     T *ite = &(__mem)[__mem::length - 1];
      |                     ^
tests/../src/vector/vector.hpp: In member function ‘T* micron::vector<T, Alloc>::insert(iterator, T&&)’:
tests/../src/vector/vector.hpp:526:50: error: expected primary-expression before ‘.’ token [-Wtemplate-body]
  526 |       size_t dif = static_cast<size_t>(it - __mem.get());
      |                                                  ^
tests/../src/vector/vector.hpp: In member function ‘T* micron::vector<T, Alloc>::insert_sort(T&&)’:
tests/../src/vector/vector.hpp:577:17: error: structured bindings in conditions only available with ‘-std=c++2c’ or ‘-std=gnu++2c’ [-Wc++26-extensions]
  577 |       if ( __mem[i] >= val ) {
      |                 ^
tests/../src/vector/vector.hpp:577:17: error: structured binding declaration cannot have type ‘micron::vector<T, Alloc>::__mem’ [-Wtemplate-body]
  577 |       if ( __mem[i] >= val ) {
      |                 ^~~
tests/../src/vector/vector.hpp:577:17: note: type must be cv-qualified ‘auto’ or reference to cv-qualified ‘auto’
tests/../src/vector/vector.hpp:577:18: warning: declaration of ‘i’ shadows a previous local [-Wshadow]
  577 |       if ( __mem[i] >= val ) {
      |                  ^
tests/../src/vector/vector.hpp:575:12: note: shadowed declaration is here
  575 |     size_t i = 0;
      |            ^
tests/../src/vector/vector.hpp:577:21: error: expected initializer before ‘>=’ token [-Wtemplate-body]
  577 |       if ( __mem[i] >= val ) {
      |                     ^~
tests/../src/vector/vector.hpp:577:21: error: expected ‘)’ before ‘>=’ token [-Wtemplate-body]
tests/../src/vector/vector.hpp:577:10: note: to match this ‘(’
  577 |       if ( __mem[i] >= val ) {
      |          ^
tests/../src/vector/vector.hpp:585:19: error: expected primary-expression before ‘[’ token [-Wtemplate-body]
  585 |     T *it = &__mem[i];
      |                   ^
tests/../src/vector/vector.hpp: In member function ‘micron::vector<T, Alloc>& micron::vector<T, Alloc>::assign(size_t, const T&)’:
tests/../src/vector/vector.hpp:601:12: error: expected type-specifier before ‘&’ token [-Wtemplate-body]
  601 |       new (&__mem[i]) T(val);
      |            ^
tests/../src/vector/vector.hpp:601:12: error: expected ‘)’ before ‘&’ token [-Wtemplate-body]
tests/../src/vector/vector.hpp:601:11: note: to match this ‘(’
  601 |       new (&__mem[i]) T(val);
      |           ^
tests/../src/vector/vector.hpp:601:18: error: expected primary-expression before ‘[’ token [-Wtemplate-body]
  601 |       new (&__mem[i]) T(val);
      |                  ^
tests/../src/vector/vector.hpp: In member function ‘void micron::vector<T, Alloc>::push_back(const T&)’:
tests/../src/vector/vector.hpp:611:14: error: expected type-specifier before ‘&’ token [-Wtemplate-body]
  611 |         new (&__mem[__mem::length++]) T(v);
      |              ^
tests/../src/vector/vector.hpp:611:14: error: expected ‘)’ before ‘&’ token [-Wtemplate-body]
tests/../src/vector/vector.hpp:611:13: note: to match this ‘(’
  611 |         new (&__mem[__mem::length++]) T(v);
      |             ^
tests/../src/vector/vector.hpp:611:20: error: expected primary-expression before ‘[’ token [-Wtemplate-body]
  611 |         new (&__mem[__mem::length++]) T(v);
      |                    ^
tests/../src/vector/vector.hpp:615:14: error: expected type-specifier before ‘&’ token [-Wtemplate-body]
  615 |         new (&__mem[__mem::length++]) T(v);
      |              ^
tests/../src/vector/vector.hpp:615:14: error: expected ‘)’ before ‘&’ token [-Wtemplate-body]
tests/../src/vector/vector.hpp:615:13: note: to match this ‘(’
  615 |         new (&__mem[__mem::length++]) T(v);
      |             ^
tests/../src/vector/vector.hpp:615:20: error: expected primary-expression before ‘[’ token [-Wtemplate-body]
  615 |         new (&__mem[__mem::length++]) T(v);
      |                    ^
tests/../src/vector/vector.hpp:619:20: error: expected ‘]’ before ‘::’ token [-Wtemplate-body]
  619 |         __mem[__mem::length++] = v;
      |                    ^~
tests/../src/vector/vector.hpp:619:14: error: structured binding declaration cannot have type ‘micron::vector<T, Alloc>::__mem’ [-Wtemplate-body]
  619 |         __mem[__mem::length++] = v;
      |              ^
tests/../src/vector/vector.hpp:619:14: note: type must be cv-qualified ‘auto’ or reference to cv-qualified ‘auto’
tests/../src/vector/vector.hpp:619:15: warning: declaration of ‘__mem’ shadows a member of ‘micron::vector<T, Alloc>’ [-Wshadow]
  619 |         __mem[__mem::length++] = v;
      |               ^~~~~
tests/../src/vector/vector.hpp:33:9: note: shadowed declaration is here
   33 |   using __mem = __mutable_memory_resource<T, Alloc>;
      |         ^~~~~
tests/../src/vector/vector.hpp:623:20: error: expected ‘]’ before ‘::’ token [-Wtemplate-body]
  623 |         __mem[__mem::length++] = v;
      |                    ^~
tests/../src/vector/vector.hpp:623:14: error: structured binding declaration cannot have type ‘micron::vector<T, Alloc>::__mem’ [-Wtemplate-body]
  623 |         __mem[__mem::length++] = v;
      |              ^
tests/../src/vector/vector.hpp:623:14: note: type must be cv-qualified ‘auto’ or reference to cv-qualified ‘auto’
tests/../src/vector/vector.hpp:623:15: warning: declaration of ‘__mem’ shadows a member of ‘micron::vector<T, Alloc>’ [-Wshadow]
  623 |         __mem[__mem::length++] = v;
      |               ^~~~~
tests/../src/vector/vector.hpp:33:9: note: shadowed declaration is here
   33 |   using __mem = __mutable_memory_resource<T, Alloc>;
      |         ^~~~~
tests/../src/vector/vector.hpp: In member function ‘void micron::vector<T, Alloc>::push_back(T&&)’:
tests/../src/vector/vector.hpp:632:14: error: expected type-specifier before ‘&’ token [-Wtemplate-body]
  632 |         new (&__mem[__mem::length++]) T(v);
      |              ^
tests/../src/vector/vector.hpp:632:14: error: expected ‘)’ before ‘&’ token [-Wtemplate-body]
tests/../src/vector/vector.hpp:632:13: note: to match this ‘(’
  632 |         new (&__mem[__mem::length++]) T(v);
      |             ^
tests/../src/vector/vector.hpp:632:20: error: expected primary-expression before ‘[’ token [-Wtemplate-body]
  632 |         new (&__mem[__mem::length++]) T(v);
      |                    ^
tests/../src/vector/vector.hpp:636:14: error: expected type-specifier before ‘&’ token [-Wtemplate-body]
  636 |         new (&__mem[__mem::length++]) T(v);
      |              ^
tests/../src/vector/vector.hpp:636:14: error: expected ‘)’ before ‘&’ token [-Wtemplate-body]
tests/../src/vector/vector.hpp:636:13: note: to match this ‘(’
  636 |         new (&__mem[__mem::length++]) T(v);
      |             ^
tests/../src/vector/vector.hpp:636:20: error: expected primary-expression before ‘[’ token [-Wtemplate-body]
  636 |         new (&__mem[__mem::length++]) T(v);
      |                    ^
tests/../src/vector/vector.hpp:640:20: error: expected ‘]’ before ‘::’ token [-Wtemplate-body]
  640 |         __mem[__mem::length++] = micron::move(v);
      |                    ^~
tests/../src/vector/vector.hpp:640:14: error: structured binding declaration cannot have type ‘micron::vector<T, Alloc>::__mem’ [-Wtemplate-body]
  640 |         __mem[__mem::length++] = micron::move(v);
      |              ^
tests/../src/vector/vector.hpp:640:14: note: type must be cv-qualified ‘auto’ or reference to cv-qualified ‘auto’
tests/../src/vector/vector.hpp:640:15: warning: declaration of ‘__mem’ shadows a member of ‘micron::vector<T, Alloc>’ [-Wshadow]
  640 |         __mem[__mem::length++] = micron::move(v);
      |               ^~~~~
tests/../src/vector/vector.hpp:33:9: note: shadowed declaration is here
   33 |   using __mem = __mutable_memory_resource<T, Alloc>;
      |         ^~~~~
tests/../src/vector/vector.hpp:644:20: error: expected ‘]’ before ‘::’ token [-Wtemplate-body]
  644 |         __mem[__mem::length++] = micron::move(v);
      |                    ^~
tests/../src/vector/vector.hpp:644:14: error: structured binding declaration cannot have type ‘micron::vector<T, Alloc>::__mem’ [-Wtemplate-body]
  644 |         __mem[__mem::length++] = micron::move(v);
      |              ^
tests/../src/vector/vector.hpp:644:14: note: type must be cv-qualified ‘auto’ or reference to cv-qualified ‘auto’
tests/../src/vector/vector.hpp:644:15: warning: declaration of ‘__mem’ shadows a member of ‘micron::vector<T, Alloc>’ [-Wshadow]
  644 |         __mem[__mem::length++] = micron::move(v);
      |               ^~~~~
tests/../src/vector/vector.hpp:33:9: note: shadowed declaration is here
   33 |   using __mem = __mutable_memory_resource<T, Alloc>;
      |         ^~~~~
tests/../src/vector/vector.hpp: In member function ‘void micron::vector<T, Alloc>::pop_back()’:
tests/../src/vector/vector.hpp:653:13: error: expected primary-expression before ‘)’ token [-Wtemplate-body]
  653 |       (__mem)[(__mem::length - 1)].~T();
      |             ^
tests/../src/vector/vector.hpp:655:13: error: expected primary-expression before ‘)’ token [-Wtemplate-body]
  655 |       (__mem)[(__mem::length - 1)] = 0x0;
      |             ^
tests/../src/vector/vector.hpp:657:70: error: capture of non-variable ‘micron::vector<T, Alloc>::__mem’ [-Wtemplate-body]
  657 |     czero<sizeof(T) / sizeof(byte)>((byte *)micron::voidify(&(__mem)[__mem::length-- - 1]));
      |                                                                      ^~~~~
tests/../src/vector/vector.hpp:33:9: note: ‘using micron::vector<T, Alloc>::__mem = struct micron::__mutable_memory_resource<T, Alloc>’ declared here
   33 |   using __mem = __mutable_memory_resource<T, Alloc>;
      |         ^~~~~
tests/../src/vector/vector.hpp:657:68: error: expected primary-expression before ‘)’ token [-Wtemplate-body]
  657 |     czero<sizeof(T) / sizeof(byte)>((byte *)micron::voidify(&(__mem)[__mem::length-- - 1]));
      |                                                                    ^
tests/../src/vector/vector.hpp: In lambda function:
tests/../src/vector/vector.hpp:672:20: error: expected ‘{’ before ‘=’ token [-Wtemplate-body]
  672 |         (__mem)[i] = micron::move((__mem)[i + 1]);
      |                    ^
tests/../src/vector/vector.hpp: In member function ‘void micron::vector<T, Alloc>::erase(iterator)’:
tests/../src/vector/vector.hpp:672:41: error: expected primary-expression before ‘)’ token [-Wtemplate-body]
  672 |         (__mem)[i] = micron::move((__mem)[i + 1]);
      |                                         ^
tests/../src/vector/vector.hpp:676:70: error: capture of non-variable ‘micron::vector<T, Alloc>::__mem’ [-Wtemplate-body]
  676 |     czero<sizeof(T) / sizeof(byte)>((byte *)micron::voidify(&(__mem)[__mem::length-- - 1]));
      |                                                                      ^~~~~
tests/../src/vector/vector.hpp:33:9: note: ‘using micron::vector<T, Alloc>::__mem = struct micron::__mutable_memory_resource<T, Alloc>’ declared here
   33 |   using __mem = __mutable_memory_resource<T, Alloc>;
      |         ^~~~~
tests/../src/vector/vector.hpp:676:68: error: expected primary-expression before ‘)’ token [-Wtemplate-body]
  676 |     czero<sizeof(T) / sizeof(byte)>((byte *)micron::voidify(&(__mem)[__mem::length-- - 1]));
      |                                                                    ^
tests/../src/vector/vector.hpp: In lambda function:
tests/../src/vector/vector.hpp:684:20: error: expected ‘{’ before ‘;’ token [-Wtemplate-body]
  684 |       ~(__mem)[n]();
      |                    ^
tests/../src/vector/vector.hpp: In lambda function:
tests/../src/vector/vector.hpp:691:20: error: expected ‘{’ before ‘=’ token [-Wtemplate-body]
  691 |         (__mem)[i] = micron::move((__mem)[i + 1]);
      |                    ^
tests/../src/vector/vector.hpp: In member function ‘void micron::vector<T, Alloc>::erase(size_t)’:
tests/../src/vector/vector.hpp:691:41: error: expected primary-expression before ‘)’ token [-Wtemplate-body]
  691 |         (__mem)[i] = micron::move((__mem)[i + 1]);
      |                                         ^
tests/../src/vector/vector.hpp:693:24: error: expected primary-expression before ‘[’ token [-Wtemplate-body]
  693 |       __impl_copy(__mem[n], __mem[n + 1], __mem::length);
      |                        ^
tests/../src/vector/vector.hpp:693:34: error: expected primary-expression before ‘[’ token [-Wtemplate-body]
  693 |       __impl_copy(__mem[n], __mem[n + 1], __mem::length);
      |                                  ^
tests/../src/vector/vector.hpp:695:70: error: capture of non-variable ‘micron::vector<T, Alloc>::__mem’ [-Wtemplate-body]
  695 |     czero<sizeof(T) / sizeof(byte)>((byte *)micron::voidify(&(__mem)[__mem::length-- - 1]));
      |                                                                      ^~~~~
tests/../src/vector/vector.hpp:33:9: note: ‘using micron::vector<T, Alloc>::__mem = struct micron::__mutable_memory_resource<T, Alloc>’ declared here
   33 |   using __mem = __mutable_memory_resource<T, Alloc>;
      |         ^~~~~
tests/../src/vector/vector.hpp:695:68: error: expected primary-expression before ‘)’ token [-Wtemplate-body]
  695 |     czero<sizeof(T) / sizeof(byte)>((byte *)micron::voidify(&(__mem)[__mem::length-- - 1]));
      |                                                                    ^
tests/../src/vector/vector.hpp: In lambda function:
tests/../src/vector/vector.hpp:705:19: error: expected ‘{’ before ‘.’ token [-Wtemplate-body]
  705 |         (__mem)[i].~T();
      |                   ^
tests/../src/vector/vector.hpp: In member function ‘void micron::vector<T, Alloc>::clear()’:
tests/../src/vector/vector.hpp:707:49: error: expected primary-expression before ‘)’ token [-Wtemplate-body]
  707 |     micron::zero((byte *)micron::voidify(&(__mem)[0]), __mem::capacity() * (sizeof(T) / sizeof(byte)));
      |                                                 ^
tests/../src/vector/vector.hpp: In member function ‘const T& micron::vector<T, Alloc>::front() const’:
tests/../src/vector/vector.hpp:714:18: error: expected primary-expression before ‘)’ token [-Wtemplate-body]
  714 |     return (__mem)[0];
      |                  ^
tests/../src/vector/vector.hpp: In member function ‘const T& micron::vector<T, Alloc>::back() const’:
tests/../src/vector/vector.hpp:719:20: error: capture of non-variable ‘micron::vector<T, Alloc>::__mem’ [-Wtemplate-body]
  719 |     return (__mem)[__mem::length - 1];
      |                    ^~~~~
tests/../src/vector/vector.hpp:33:9: note: ‘using micron::vector<T, Alloc>::__mem = struct micron::__mutable_memory_resource<T, Alloc>’ declared here
   33 |   using __mem = __mutable_memory_resource<T, Alloc>;
      |         ^~~~~
tests/../src/vector/vector.hpp:719:18: error: expected primary-expression before ‘)’ token [-Wtemplate-body]
  719 |     return (__mem)[__mem::length - 1];
      |                  ^
tests/../src/vector/vector.hpp: In member function ‘T& micron::vector<T, Alloc>::front()’:
tests/../src/vector/vector.hpp:724:18: error: expected primary-expression before ‘)’ token [-Wtemplate-body]
  724 |     return (__mem)[0];
      |                  ^
tests/../src/vector/vector.hpp: In member function ‘T& micron::vector<T, Alloc>::back()’:
tests/../src/vector/vector.hpp:729:20: error: capture of non-variable ‘micron::vector<T, Alloc>::__mem’ [-Wtemplate-body]
  729 |     return (__mem)[__mem::length - 1];
      |                    ^~~~~
tests/../src/vector/vector.hpp:33:9: note: ‘using micron::vector<T, Alloc>::__mem = struct micron::__mutable_memory_resource<T, Alloc>’ declared here
   33 |   using __mem = __mutable_memory_resource<T, Alloc>;
      |         ^~~~~
tests/../src/vector/vector.hpp:729:18: error: expected primary-expression before ‘)’ token [-Wtemplate-body]
  729 |     return (__mem)[__mem::length - 1];
      |                  ^
tests/../src/vector/fvector.hpp: In instantiation of ‘void micron::fvector<T, Alloc>::push_back(const T&) [with T = int; Alloc = micron::allocator_serial<>]’:
tests/vector.cpp:23:20:   required from here
   23 |       vec.push_back(i);
      |       ~~~~~~~~~~~~~^~~
tests/../src/vector/fvector.hpp:618:14: error: cannot decompose non-array non-class type ‘int’
  618 |         __mem[__mem::length++] = v;
      |              ^
tests/../src/vector/fvector.hpp:618:14: warning: unused structured binding declaration [-Wunused-variable]
tests/../src/vector/fvector.hpp:622:14: error: cannot decompose non-array non-class type ‘int’
  622 |         __mem[__mem::length++] = v;
      |              ^
tests/../src/vector/fvector.hpp:622:14: warning: unused structured binding declaration [-Wunused-variable]
tests/../src/vector/vector.hpp: In instantiation of ‘micron::vector<T, Alloc>::vector(const std::initializer_list<_Tp>&) [with T = long unsigned int; Alloc = micron::allocator_serial<>]’:
tests/vector.cpp:31:45:   required from here
   31 |   micron::vector<size_t> buf = { 1, 2, 3, 4 };
      |                                             ^
tests/../src/vector/vector.hpp:114:14: error: cannot decompose non-array non-class type ‘long unsigned int’
  114 |         __mem[i++] = value;
      |              ^
tests/../src/vector/vector.hpp:114:14: warning: unused structured binding declaration [-Wunused-variable]
tests/../src/vector/vector.hpp:112:14: warning: unused variable ‘i’ [-Wunused-variable]
  112 |       size_t i = 0;
      |              ^
tests/../src/vector/vector.hpp: In instantiation of ‘micron::vector<T, Alloc>& micron::vector<T, Alloc>::assign(size_t, const T&) [with T = long unsigned int; Alloc = micron::allocator_serial<>; size_t = long unsigned int]’:
tests/vector.cpp:34:13:   required from here
   34 |   buf.assign(10, 9999);
      |   ~~~~~~~~~~^~~~~~~~~~
tests/../src/vector/vector.hpp:593:37: warning: unused parameter ‘val’ [-Wunused-parameter]
  593 |   assign(const size_t cnt, const T &val)
      |                            ~~~~~~~~~^~~
tests/../src/vector/vector.hpp: In instantiation of ‘T& micron::vector<T, Alloc>::operator[](size_t) [with T = long unsigned int; Alloc = micron::allocator_serial<>; size_t = long unsigned int]’:
tests/vector.cpp:36:26:   required from here
   36 |     micron::console(buf[i]);
      |                          ^
tests/../src/vector/vector.hpp:249:12: error: no matching function for call to ‘micron::__mutable_memory_resource<long unsigned int, micron::allocator_serial<> >::__mutable_memory_resource(micron::vector<long unsigned int>::operator[](size_t)::<lambda()>)’
  249 |     return (__mem)[n];
      |            ^~~~~~~~~~
tests/../src/vector/vector.hpp:249:12: note: there are 5 candidates
tests/../src/vector/../allocation/resources.hpp:34:3: note: candidate 1: ‘micron::__mutable_memory_resource<T, Alloc>::__mutable_memory_resource(micron::__chunk<unsigned char>&&) [with T = long unsigned int; Alloc = micron::allocator_serial<>]’
   34 |   __mutable_memory_resource(__chunk<byte> &&o) : __core_memory_resource<T>(micron::move(o)) { o = nullptr; }
      |   ^~~~~~~~~~~~~~~~~~~~~~~~~
tests/../src/vector/../allocation/resources.hpp:34:45: note: no known conversion for argument 1 from ‘micron::vector<long unsigned int>::operator[](size_t)::<lambda()>’ to ‘micron::__chunk<unsigned char>&&’
   34 |   __mutable_memory_resource(__chunk<byte> &&o) : __core_memory_resource<T>(micron::move(o)) { o = nullptr; }
      |                             ~~~~~~~~~~~~~~~~^
tests/../src/vector/../allocation/resources.hpp:33:3: note: candidate 2: ‘micron::__mutable_memory_resource<T, Alloc>::__mutable_memory_resource(micron::__mutable_memory_resource<T, Alloc>&&) [with T = long unsigned int; Alloc = micron::allocator_serial<>]’
   33 |   __mutable_memory_resource(__mutable_memory_resource &&o) : __core_memory_resource<T>(micron::move(o)) {}
      |   ^~~~~~~~~~~~~~~~~~~~~~~~~
tests/../src/vector/../allocation/resources.hpp:33:57: note: no known conversion for argument 1 from ‘micron::vector<long unsigned int>::operator[](size_t)::<lambda()>’ to ‘micron::__mutable_memory_resource<long unsigned int, micron::allocator_serial<> >&&’
   33 |   __mutable_memory_resource(__mutable_memory_resource &&o) : __core_memory_resource<T>(micron::move(o)) {}
      |                             ~~~~~~~~~~~~~~~~~~~~~~~~~~~~^
tests/../src/vector/../allocation/resources.hpp:32:3: note: candidate 3: ‘micron::__mutable_memory_resource<T, Alloc>::__mutable_memory_resource(const micron::__mutable_memory_resource<T, Alloc>&) [with T = long unsigned int; Alloc = micron::allocator_serial<>]’
   32 |   __mutable_memory_resource(const __mutable_memory_resource &o) : __core_memory_resource<T>(o) {}
      |   ^~~~~~~~~~~~~~~~~~~~~~~~~
tests/../src/vector/../allocation/resources.hpp:32:62: note: no known conversion for argument 1 from ‘micron::vector<long unsigned int>::operator[](size_t)::<lambda()>’ to ‘const micron::__mutable_memory_resource<long unsigned int, micron::allocator_serial<> >&’
   32 |   __mutable_memory_resource(const __mutable_memory_resource &o) : __core_memory_resource<T>(o) {}
      |                             ~~~~~~~~~~~~~~~~~~~~~~~~~~~~~~~~~^
tests/../src/vector/../allocation/resources.hpp:30:3: note: candidate 4: ‘micron::__mutable_memory_resource<T, Alloc>::__mutable_memory_resource(size_t) [with T = long unsigned int; Alloc = micron::allocator_serial<>; size_t = long unsigned int]’
   30 |   __mutable_memory_resource(size_t n_elements)
      |   ^~~~~~~~~~~~~~~~~~~~~~~~~
tests/../src/vector/../allocation/resources.hpp:30:36: note: no known conversion for argument 1 from ‘micron::vector<long unsigned int>::operator[](size_t)::<lambda()>’ to ‘size_t’ {aka ‘long unsigned int’}
   30 |   __mutable_memory_resource(size_t n_elements)
      |                             ~~~~~~~^~~~~~~~~~
tests/../src/vector/../allocation/resources.hpp:26:3: note: candidate 5: ‘micron::__mutable_memory_resource<T, Alloc>::__mutable_memory_resource() [with T = long unsigned int; Alloc = micron::allocator_serial<>]’
   26 |   __mutable_memory_resource(void)
      |   ^~~~~~~~~~~~~~~~~~~~~~~~~
tests/../src/vector/../allocation/resources.hpp:26:3: note: candidate expects 0 arguments, 1 provided
tests/../src/vector/vector.hpp: In instantiation of ‘void micron::vector<T, Alloc>::push_back(T&&) [with T = unsigned char; Alloc = micron::allocator_serial<>]’:
tests/vector.cpp:44:24:   required from here
   44 |     byte_data.push_back(static_cast<byte>(i));
      |     ~~~~~~~~~~~~~~~~~~~^~~~~~~~~~~~~~~~~~~~~~
tests/../src/vector/vector.hpp:640:14: error: cannot decompose non-array non-class type ‘unsigned char’
  640 |         __mem[__mem::length++] = micron::move(v);
      |              ^
tests/../src/vector/vector.hpp:640:14: warning: unused structured binding declaration [-Wunused-variable]
tests/../src/vector/vector.hpp:644:14: error: cannot decompose non-array non-class type ‘unsigned char’
  644 |         __mem[__mem::length++] = micron::move(v);
      |              ^
tests/../src/vector/vector.hpp:644:14: warning: unused structured binding declaration [-Wunused-variable]
tests/../src/vector/vector.hpp: In instantiation of ‘void micron::vector<T, Alloc>::push_back(T&&) [with T = char; Alloc = micron::allocator_serial<>]’:
tests/vector.cpp:45:24:   required from here
   45 |     char_data.push_back(static_cast<char>(i));
      |     ~~~~~~~~~~~~~~~~~~~^~~~~~~~~~~~~~~~~~~~~~
tests/../src/vector/vector.hpp:640:14: error: cannot decompose non-array non-class type ‘char’
  640 |         __mem[__mem::length++] = micron::move(v);
      |              ^
tests/../src/vector/vector.hpp:640:14: warning: unused structured binding declaration [-Wunused-variable]
tests/../src/vector/vector.hpp:644:14: error: cannot decompose non-array non-class type ‘char’
  644 |         __mem[__mem::length++] = micron::move(v);
      |              ^
tests/../src/vector/vector.hpp:644:14: warning: unused structured binding declaration [-Wunused-variable]
tests/../src/vector/vector.hpp: In instantiation of ‘void micron::vector<T, Alloc>::push_back(T&&) [with T = int; Alloc = micron::allocator_serial<>]’:
tests/vector.cpp:46:23:   required from here
   46 |     int_data.push_back(static_cast<int>(i));
      |     ~~~~~~~~~~~~~~~~~~^~~~~~~~~~~~~~~~~~~~~
tests/../src/vector/vector.hpp:640:14: error: cannot decompose non-array non-class type ‘int’
  640 |         __mem[__mem::length++] = micron::move(v);
      |              ^
tests/../src/vector/vector.hpp:640:14: warning: unused structured binding declaration [-Wunused-variable]
tests/../src/vector/vector.hpp:644:14: error: cannot decompose non-array non-class type ‘int’
  644 |         __mem[__mem::length++] = micron::move(v);
      |              ^
tests/../src/vector/vector.hpp:644:14: warning: unused structured binding declaration [-Wunused-variable]
tests/../src/vector/vector.hpp: In instantiation of ‘void micron::vector<T, Alloc>::push_back(T&&) [with T = float; Alloc = micron::allocator_serial<>]’:
tests/vector.cpp:47:25:   required from here
   47 |     float_data.push_back(static_cast<float>(i));
      |     ~~~~~~~~~~~~~~~~~~~~^~~~~~~~~~~~~~~~~~~~~~~
tests/../src/vector/vector.hpp:640:14: error: cannot decompose non-array non-class type ‘float’
  640 |         __mem[__mem::length++] = micron::move(v);
      |              ^
tests/../src/vector/vector.hpp:640:14: warning: unused structured binding declaration [-Wunused-variable]
tests/../src/vector/vector.hpp:644:14: error: cannot decompose non-array non-class type ‘float’
  644 |         __mem[__mem::length++] = micron::move(v);
      |              ^
tests/../src/vector/vector.hpp:644:14: warning: unused structured binding declaration [-Wunused-variable]
tests/../src/vector/vector.hpp: In instantiation of ‘void micron::vector<T, Alloc>::push_back(T&&) [with T = long unsigned int; Alloc = micron::allocator_serial<>]’:
tests/vector.cpp:48:23:   required from here
   48 |     max_data.push_back(static_cast<size_t>(i));
      |     ~~~~~~~~~~~~~~~~~~^~~~~~~~~~~~~~~~~~~~~~~~
tests/../src/vector/vector.hpp:640:14: error: cannot decompose non-array non-class type ‘long unsigned int’
  640 |         __mem[__mem::length++] = micron::move(v);
      |              ^
tests/../src/vector/vector.hpp:640:14: warning: unused structured binding declaration [-Wunused-variable]
tests/../src/vector/vector.hpp:644:14: error: cannot decompose non-array non-class type ‘long unsigned int’
  644 |         __mem[__mem::length++] = micron::move(v);
      |              ^
tests/../src/vector/vector.hpp:644:14: warning: unused structured binding declaration [-Wunused-variable]
tests/../src/vector/vector.hpp: In instantiation of ‘T& micron::vector<T, Alloc>::operator[](size_t) [with T = unsigned char; Alloc = micron::allocator_serial<>; size_t = long unsigned int]’:
tests/vector.cpp:69:44:   required from here
   69 |     micron::console("i: ", (int)byte_data[i]);
      |                                            ^
tests/../src/vector/vector.hpp:249:12: error: no matching function for call to ‘micron::__mutable_memory_resource<unsigned char, micron::allocator_serial<> >::__mutable_memory_resource(micron::vector<unsigned char>::operator[](size_t)::<lambda()>)’
  249 |     return (__mem)[n];
      |            ^~~~~~~~~~
tests/../src/vector/vector.hpp:249:12: note: there are 5 candidates
tests/../src/vector/../allocation/resources.hpp:34:3: note: candidate 1: ‘micron::__mutable_memory_resource<T, Alloc>::__mutable_memory_resource(micron::__chunk<unsigned char>&&) [with T = unsigned char; Alloc = micron::allocator_serial<>]’
   34 |   __mutable_memory_resource(__chunk<byte> &&o) : __core_memory_resource<T>(micron::move(o)) { o = nullptr; }
      |   ^~~~~~~~~~~~~~~~~~~~~~~~~
tests/../src/vector/../allocation/resources.hpp:34:45: note: no known conversion for argument 1 from ‘micron::vector<unsigned char>::operator[](size_t)::<lambda()>’ to ‘micron::__chunk<unsigned char>&&’
   34 |   __mutable_memory_resource(__chunk<byte> &&o) : __core_memory_resource<T>(micron::move(o)) { o = nullptr; }
      |                             ~~~~~~~~~~~~~~~~^
tests/../src/vector/../allocation/resources.hpp:33:3: note: candidate 2: ‘micron::__mutable_memory_resource<T, Alloc>::__mutable_memory_resource(micron::__mutable_memory_resource<T, Alloc>&&) [with T = unsigned char; Alloc = micron::allocator_serial<>]’
   33 |   __mutable_memory_resource(__mutable_memory_resource &&o) : __core_memory_resource<T>(micron::move(o)) {}
      |   ^~~~~~~~~~~~~~~~~~~~~~~~~
tests/../src/vector/../allocation/resources.hpp:33:57: note: no known conversion for argument 1 from ‘micron::vector<unsigned char>::operator[](size_t)::<lambda()>’ to ‘micron::__mutable_memory_resource<unsigned char, micron::allocator_serial<> >&&’
   33 |   __mutable_memory_resource(__mutable_memory_resource &&o) : __core_memory_resource<T>(micron::move(o)) {}
      |                             ~~~~~~~~~~~~~~~~~~~~~~~~~~~~^
tests/../src/vector/../allocation/resources.hpp:32:3: note: candidate 3: ‘micron::__mutable_memory_resource<T, Alloc>::__mutable_memory_resource(const micron::__mutable_memory_resource<T, Alloc>&) [with T = unsigned char; Alloc = micron::allocator_serial<>]’
   32 |   __mutable_memory_resource(const __mutable_memory_resource &o) : __core_memory_resource<T>(o) {}
      |   ^~~~~~~~~~~~~~~~~~~~~~~~~
tests/../src/vector/../allocation/resources.hpp:32:62: note: no known conversion for argument 1 from ‘micron::vector<unsigned char>::operator[](size_t)::<lambda()>’ to ‘const micron::__mutable_memory_resource<unsigned char, micron::allocator_serial<> >&’
   32 |   __mutable_memory_resource(const __mutable_memory_resource &o) : __core_memory_resource<T>(o) {}
      |                             ~~~~~~~~~~~~~~~~~~~~~~~~~~~~~~~~~^
tests/../src/vector/../allocation/resources.hpp:30:3: note: candidate 4: ‘micron::__mutable_memory_resource<T, Alloc>::__mutable_memory_resource(size_t) [with T = unsigned char; Alloc = micron::allocator_serial<>; size_t = long unsigned int]’
   30 |   __mutable_memory_resource(size_t n_elements)
      |   ^~~~~~~~~~~~~~~~~~~~~~~~~
tests/../src/vector/../allocation/resources.hpp:30:36: note: no known conversion for argument 1 from ‘micron::vector<unsigned char>::operator[](size_t)::<lambda()>’ to ‘size_t’ {aka ‘long unsigned int’}
   30 |   __mutable_memory_resource(size_t n_elements)
      |                             ~~~~~~~^~~~~~~~~~
tests/../src/vector/../allocation/resources.hpp:26:3: note: candidate 5: ‘micron::__mutable_memory_resource<T, Alloc>::__mutable_memory_resource() [with T = unsigned char; Alloc = micron::allocator_serial<>]’
   26 |   __mutable_memory_resource(void)
      |   ^~~~~~~~~~~~~~~~~~~~~~~~~
tests/../src/vector/../allocation/resources.hpp:26:3: note: candidate expects 0 arguments, 1 provided
tests/../src/vector/vector.hpp: In instantiation of ‘T& micron::vector<T, Alloc>::operator[](size_t) [with T = char; Alloc = micron::allocator_serial<>; size_t = long unsigned int]’:
tests/vector.cpp:70:44:   required from here
   70 |     micron::console("i: ", (int)char_data[i]);
      |                                            ^
tests/../src/vector/vector.hpp:249:12: error: no matching function for call to ‘micron::__mutable_memory_resource<char, micron::allocator_serial<> >::__mutable_memory_resource(micron::vector<char>::operator[](size_t)::<lambda()>)’
  249 |     return (__mem)[n];
      |            ^~~~~~~~~~
tests/../src/vector/vector.hpp:249:12: note: there are 5 candidates
tests/../src/vector/../allocation/resources.hpp:34:3: note: candidate 1: ‘micron::__mutable_memory_resource<T, Alloc>::__mutable_memory_resource(micron::__chunk<unsigned char>&&) [with T = char; Alloc = micron::allocator_serial<>]’
   34 |   __mutable_memory_resource(__chunk<byte> &&o) : __core_memory_resource<T>(micron::move(o)) { o = nullptr; }
      |   ^~~~~~~~~~~~~~~~~~~~~~~~~
tests/../src/vector/../allocation/resources.hpp:34:45: note: no known conversion for argument 1 from ‘micron::vector<char>::operator[](size_t)::<lambda()>’ to ‘micron::__chunk<unsigned char>&&’
   34 |   __mutable_memory_resource(__chunk<byte> &&o) : __core_memory_resource<T>(micron::move(o)) { o = nullptr; }
      |                             ~~~~~~~~~~~~~~~~^
tests/../src/vector/../allocation/resources.hpp:33:3: note: candidate 2: ‘micron::__mutable_memory_resource<T, Alloc>::__mutable_memory_resource(micron::__mutable_memory_resource<T, Alloc>&&) [with T = char; Alloc = micron::allocator_serial<>]’
   33 |   __mutable_memory_resource(__mutable_memory_resource &&o) : __core_memory_resource<T>(micron::move(o)) {}
      |   ^~~~~~~~~~~~~~~~~~~~~~~~~
tests/../src/vector/../allocation/resources.hpp:33:57: note: no known conversion for argument 1 from ‘micron::vector<char>::operator[](size_t)::<lambda()>’ to ‘micron::__mutable_memory_resource<char, micron::allocator_serial<> >&&’
   33 |   __mutable_memory_resource(__mutable_memory_resource &&o) : __core_memory_resource<T>(micron::move(o)) {}
      |                             ~~~~~~~~~~~~~~~~~~~~~~~~~~~~^
tests/../src/vector/../allocation/resources.hpp:32:3: note: candidate 3: ‘micron::__mutable_memory_resource<T, Alloc>::__mutable_memory_resource(const micron::__mutable_memory_resource<T, Alloc>&) [with T = char; Alloc = micron::allocator_serial<>]’
   32 |   __mutable_memory_resource(const __mutable_memory_resource &o) : __core_memory_resource<T>(o) {}
      |   ^~~~~~~~~~~~~~~~~~~~~~~~~
tests/../src/vector/../allocation/resources.hpp:32:62: note: no known conversion for argument 1 from ‘micron::vector<char>::operator[](size_t)::<lambda()>’ to ‘const micron::__mutable_memory_resource<char, micron::allocator_serial<> >&’
   32 |   __mutable_memory_resource(const __mutable_memory_resource &o) : __core_memory_resource<T>(o) {}
      |                             ~~~~~~~~~~~~~~~~~~~~~~~~~~~~~~~~~^
tests/../src/vector/../allocation/resources.hpp:30:3: note: candidate 4: ‘micron::__mutable_memory_resource<T, Alloc>::__mutable_memory_resource(size_t) [with T = char; Alloc = micron::allocator_serial<>; size_t = long unsigned int]’
   30 |   __mutable_memory_resource(size_t n_elements)
      |   ^~~~~~~~~~~~~~~~~~~~~~~~~
tests/../src/vector/../allocation/resources.hpp:30:36: note: no known conversion for argument 1 from ‘micron::vector<char>::operator[](size_t)::<lambda()>’ to ‘size_t’ {aka ‘long unsigned int’}
   30 |   __mutable_memory_resource(size_t n_elements)
      |                             ~~~~~~~^~~~~~~~~~
tests/../src/vector/../allocation/resources.hpp:26:3: note: candidate 5: ‘micron::__mutable_memory_resource<T, Alloc>::__mutable_memory_resource() [with T = char; Alloc = micron::allocator_serial<>]’
   26 |   __mutable_memory_resource(void)
      |   ^~~~~~~~~~~~~~~~~~~~~~~~~
tests/../src/vector/../allocation/resources.hpp:26:3: note: candidate expects 0 arguments, 1 provided
tests/../src/vector/vector.hpp: In instantiation of ‘T& micron::vector<T, Alloc>::operator[](size_t) [with T = int; Alloc = micron::allocator_serial<>; size_t = long unsigned int]’:
tests/vector.cpp:71:38:   required from here
   71 |     micron::console("i: ", int_data[i]);
      |                                      ^
tests/../src/vector/vector.hpp:249:12: error: no matching function for call to ‘micron::__mutable_memory_resource<int, micron::allocator_serial<> >::__mutable_memory_resource(micron::vector<int>::operator[](size_t)::<lambda()>)’
  249 |     return (__mem)[n];
      |            ^~~~~~~~~~
tests/../src/vector/vector.hpp:249:12: note: there are 5 candidates
tests/../src/vector/../allocation/resources.hpp:34:3: note: candidate 1: ‘micron::__mutable_memory_resource<T, Alloc>::__mutable_memory_resource(micron::__chunk<unsigned char>&&) [with T = int; Alloc = micron::allocator_serial<>]’
   34 |   __mutable_memory_resource(__chunk<byte> &&o) : __core_memory_resource<T>(micron::move(o)) { o = nullptr; }
      |   ^~~~~~~~~~~~~~~~~~~~~~~~~
tests/../src/vector/../allocation/resources.hpp:34:45: note: no known conversion for argument 1 from ‘micron::vector<int>::operator[](size_t)::<lambda()>’ to ‘micron::__chunk<unsigned char>&&’
   34 |   __mutable_memory_resource(__chunk<byte> &&o) : __core_memory_resource<T>(micron::move(o)) { o = nullptr; }
      |                             ~~~~~~~~~~~~~~~~^
tests/../src/vector/../allocation/resources.hpp:33:3: note: candidate 2: ‘micron::__mutable_memory_resource<T, Alloc>::__mutable_memory_resource(micron::__mutable_memory_resource<T, Alloc>&&) [with T = int; Alloc = micron::allocator_serial<>]’
   33 |   __mutable_memory_resource(__mutable_memory_resource &&o) : __core_memory_resource<T>(micron::move(o)) {}
      |   ^~~~~~~~~~~~~~~~~~~~~~~~~
tests/../src/vector/../allocation/resources.hpp:33:57: note: no known conversion for argument 1 from ‘micron::vector<int>::operator[](size_t)::<lambda()>’ to ‘micron::__mutable_memory_resource<int, micron::allocator_serial<> >&&’
   33 |   __mutable_memory_resource(__mutable_memory_resource &&o) : __core_memory_resource<T>(micron::move(o)) {}
      |                             ~~~~~~~~~~~~~~~~~~~~~~~~~~~~^
tests/../src/vector/../allocation/resources.hpp:32:3: note: candidate 3: ‘micron::__mutable_memory_resource<T, Alloc>::__mutable_memory_resource(const micron::__mutable_memory_resource<T, Alloc>&) [with T = int; Alloc = micron::allocator_serial<>]’
   32 |   __mutable_memory_resource(const __mutable_memory_resource &o) : __core_memory_resource<T>(o) {}
      |   ^~~~~~~~~~~~~~~~~~~~~~~~~
tests/../src/vector/../allocation/resources.hpp:32:62: note: no known conversion for argument 1 from ‘micron::vector<int>::operator[](size_t)::<lambda()>’ to ‘const micron::__mutable_memory_resource<int, micron::allocator_serial<> >&’
   32 |   __mutable_memory_resource(const __mutable_memory_resource &o) : __core_memory_resource<T>(o) {}
      |                             ~~~~~~~~~~~~~~~~~~~~~~~~~~~~~~~~~^
tests/../src/vector/../allocation/resources.hpp:30:3: note: candidate 4: ‘micron::__mutable_memory_resource<T, Alloc>::__mutable_memory_resource(size_t) [with T = int; Alloc = micron::allocator_serial<>; size_t = long unsigned int]’
   30 |   __mutable_memory_resource(size_t n_elements)
      |   ^~~~~~~~~~~~~~~~~~~~~~~~~
tests/../src/vector/../allocation/resources.hpp:30:36: note: no known conversion for argument 1 from ‘micron::vector<int>::operator[](size_t)::<lambda()>’ to ‘size_t’ {aka ‘long unsigned int’}
   30 |   __mutable_memory_resource(size_t n_elements)
      |                             ~~~~~~~^~~~~~~~~~
tests/../src/vector/../allocation/resources.hpp:26:3: note: candidate 5: ‘micron::__mutable_memory_resource<T, Alloc>::__mutable_memory_resource() [with T = int; Alloc = micron::allocator_serial<>]’
   26 |   __mutable_memory_resource(void)
      |   ^~~~~~~~~~~~~~~~~~~~~~~~~
tests/../src/vector/../allocation/resources.hpp:26:3: note: candidate expects 0 arguments, 1 provided
tests/../src/vector/vector.hpp: In instantiation of ‘T& micron::vector<T, Alloc>::operator[](size_t) [with T = float; Alloc = micron::allocator_serial<>; size_t = long unsigned int]’:
tests/vector.cpp:72:40:   required from here
   72 |     micron::console("i: ", float_data[i]);
      |                                        ^
tests/../src/vector/vector.hpp:249:12: error: no matching function for call to ‘micron::__mutable_memory_resource<float, micron::allocator_serial<> >::__mutable_memory_resource(micron::vector<float>::operator[](size_t)::<lambda()>)’
  249 |     return (__mem)[n];
      |            ^~~~~~~~~~
tests/../src/vector/vector.hpp:249:12: note: there are 5 candidates
tests/../src/vector/../allocation/resources.hpp:34:3: note: candidate 1: ‘micron::__mutable_memory_resource<T, Alloc>::__mutable_memory_resource(micron::__chunk<unsigned char>&&) [with T = float; Alloc = micron::allocator_serial<>]’
   34 |   __mutable_memory_resource(__chunk<byte> &&o) : __core_memory_resource<T>(micron::move(o)) { o = nullptr; }
      |   ^~~~~~~~~~~~~~~~~~~~~~~~~
tests/../src/vector/../allocation/resources.hpp:34:45: note: no known conversion for argument 1 from ‘micron::vector<float>::operator[](size_t)::<lambda()>’ to ‘micron::__chunk<unsigned char>&&’
   34 |   __mutable_memory_resource(__chunk<byte> &&o) : __core_memory_resource<T>(micron::move(o)) { o = nullptr; }
      |                             ~~~~~~~~~~~~~~~~^
tests/../src/vector/../allocation/resources.hpp:33:3: note: candidate 2: ‘micron::__mutable_memory_resource<T, Alloc>::__mutable_memory_resource(micron::__mutable_memory_resource<T, Alloc>&&) [with T = float; Alloc = micron::allocator_serial<>]’
   33 |   __mutable_memory_resource(__mutable_memory_resource &&o) : __core_memory_resource<T>(micron::move(o)) {}
      |   ^~~~~~~~~~~~~~~~~~~~~~~~~
tests/../src/vector/../allocation/resources.hpp:33:57: note: no known conversion for argument 1 from ‘micron::vector<float>::operator[](size_t)::<lambda()>’ to ‘micron::__mutable_memory_resource<float, micron::allocator_serial<> >&&’
   33 |   __mutable_memory_resource(__mutable_memory_resource &&o) : __core_memory_resource<T>(micron::move(o)) {}
      |                             ~~~~~~~~~~~~~~~~~~~~~~~~~~~~^
tests/../src/vector/../allocation/resources.hpp:32:3: note: candidate 3: ‘micron::__mutable_memory_resource<T, Alloc>::__mutable_memory_resource(const micron::__mutable_memory_resource<T, Alloc>&) [with T = float; Alloc = micron::allocator_serial<>]’
   32 |   __mutable_memory_resource(const __mutable_memory_resource &o) : __core_memory_resource<T>(o) {}
      |   ^~~~~~~~~~~~~~~~~~~~~~~~~
tests/../src/vector/../allocation/resources.hpp:32:62: note: no known conversion for argument 1 from ‘micron::vector<float>::operator[](size_t)::<lambda()>’ to ‘const micron::__mutable_memory_resource<float, micron::allocator_serial<> >&’
   32 |   __mutable_memory_resource(const __mutable_memory_resource &o) : __core_memory_resource<T>(o) {}
      |                             ~~~~~~~~~~~~~~~~~~~~~~~~~~~~~~~~~^
tests/../src/vector/../allocation/resources.hpp:30:3: note: candidate 4: ‘micron::__mutable_memory_resource<T, Alloc>::__mutable_memory_resource(size_t) [with T = float; Alloc = micron::allocator_serial<>; size_t = long unsigned int]’
   30 |   __mutable_memory_resource(size_t n_elements)
      |   ^~~~~~~~~~~~~~~~~~~~~~~~~
tests/../src/vector/../allocation/resources.hpp:30:36: note: no known conversion for argument 1 from ‘micron::vector<float>::operator[](size_t)::<lambda()>’ to ‘size_t’ {aka ‘long unsigned int’}
   30 |   __mutable_memory_resource(size_t n_elements)
      |                             ~~~~~~~^~~~~~~~~~
tests/../src/vector/../allocation/resources.hpp:26:3: note: candidate 5: ‘micron::__mutable_memory_resource<T, Alloc>::__mutable_memory_resource() [with T = float; Alloc = micron::allocator_serial<>]’
   26 |   __mutable_memory_resource(void)
      |   ^~~~~~~~~~~~~~~~~~~~~~~~~
tests/../src/vector/../allocation/resources.hpp:26:3: note: candidate expects 0 arguments, 1 provided
tests/../src/vector/../allocation/resources.hpp: In instantiation of ‘micron::__mutable_memory_resource<T, Alloc>::__mutable_memory_resource() [with T = int; Alloc = micron::allocator_serial<>]’:
tests/../src/vector/fvector.hpp:119:25:   required from ‘micron::fvector<T, Alloc>::fvector() [with T = int; Alloc = micron::allocator_serial<>]’
  119 |   fvector(void) : __mem() {};
      |                         ^
tests/vector.cpp:21:26:   required from here
   21 |     micron::fvector<int> vec;
      |                          ^~~
tests/../src/vector/../allocation/resources.hpp:27:48: error: cannot call member function ‘micron::chunk<unsigned char> micron::allocator_serial<P>::create(size_t) [with P = micron::serial_allocation_policy; micron::chunk<unsigned char> = micron::__chunk<unsigned char>; size_t = long unsigned int]’ without object
   27 |       : __core_memory_resource<T>(Alloc::create((Alloc::auto_size() >= sizeof(T) ? Alloc::auto_size() : sizeof(T))))
      |                                   ~~~~~~~~~~~~~^~~~~~~~~~~~~~~~~~~~~~~~~~~~~~~~~~~~~~~~~~~~~~~~~~~~~~~~~~~~~~~~~~~~
tests/../src/vector/../allocation/resources.hpp: In instantiation of ‘micron::__mutable_memory_resource<T, Alloc>::~__mutable_memory_resource() [with T = int; Alloc = micron::allocator_serial<>]’:
tests/../src/vector/fvector.hpp:119:25:   required from ‘micron::fvector<T, Alloc>::fvector() [with T = int; Alloc = micron::allocator_serial<>]’
  119 |   fvector(void) : __mem() {};
      |                         ^
tests/vector.cpp:21:26:   required from here
   21 |     micron::fvector<int> vec;
      |                          ^~~
tests/../src/vector/../allocation/resources.hpp:24:21: error: cannot call member function ‘void micron::allocator_serial<P>::destroy(micron::chunk<unsigned char>&) [with P = micron::serial_allocation_policy; micron::chunk<unsigned char> = micron::__chunk<unsigned char>]’ without object
   24 |       Alloc::destroy(__core_memory_resource<T>::operator*());
      |       ~~~~~~~~~~~~~~^~~~~~~~~~~~~~~~~~~~~~~~~~~~~~~~~~~~~~~~
tests/../src/vector/../allocation/resources.hpp: In instantiation of ‘size_t micron::__mutable_memory_resource<T, Alloc>::capacity() const [with T = int; Alloc = micron::allocator_serial<>; size_t = long unsigned int]’:
tests/../src/vector/fvector.hpp:617:49:   required from ‘void micron::fvector<T, Alloc>::push_back(const T&) [with T = int; Alloc = micron::allocator_serial<>]’
  617 |       if ( (__mem::length + 1 <= __mem::capacity()) ) {
      |                                  ~~~~~~~~~~~~~~~^~
tests/vector.cpp:23:20:   required from here
   23 |       vec.push_back(i);
      |       ~~~~~~~~~~~~~^~~
tests/../src/vector/../allocation/resources.hpp:63:48: error: request for member ‘capacity’ in ‘((const micron::__mutable_memory_resource<int, micron::allocator_serial<> >*)this)->micron::__mutable_memory_resource<int, micron::allocator_serial<> >::micron::__core_memory_resource<int>.micron::__core_memory_resource<int>::memory’, which is of non-class type ‘int* const’
   63 |     return ((__core_memory_resource<T>::memory.capacity()));
      |                                         ~~~~~~~^~~~~~~~
tests/../src/vector/../allocation/resources.hpp: In instantiation of ‘micron::__mutable_memory_resource<T, Alloc>::__mutable_memory_resource(size_t) [with T = long unsigned int; Alloc = micron::allocator_serial<>; size_t = long unsigned int]’:
tests/../src/vector/vector.hpp:103:65:   required from ‘micron::vector<T, Alloc>::vector(const std::initializer_list<_Tp>&) [with T = long unsigned int; Alloc = micron::allocator_serial<>]’
  103 |   vector(const std::initializer_list<T> &lst) : __mem(lst.size())
      |                                                                 ^
tests/vector.cpp:31:45:   required from here
   31 |   micron::vector<size_t> buf = { 1, 2, 3, 4 };
      |                                             ^
tests/../src/vector/../allocation/resources.hpp:31:48: error: cannot call member function ‘micron::chunk<unsigned char> micron::allocator_serial<P>::create(size_t) [with P = micron::serial_allocation_policy; micron::chunk<unsigned char> = micron::__chunk<unsigned char>; size_t = long unsigned int]’ without object
   31 |       : __core_memory_resource<T>(Alloc::create(n_elements * (sizeof(T) / sizeof(byte)))) {};
      |                                   ~~~~~~~~~~~~~^~~~~~~~~~~~~~~~~~~~~~~~~~~~~~~~~~~~~~~~~
tests/../src/vector/../allocation/resources.hpp: In instantiation of ‘micron::__mutable_memory_resource<T, Alloc>::~__mutable_memory_resource() [with T = long unsigned int; Alloc = micron::allocator_serial<>]’:
tests/../src/vector/vector.hpp:103:65:   required from ‘micron::vector<T, Alloc>::vector(const std::initializer_list<_Tp>&) [with T = long unsigned int; Alloc = micron::allocator_serial<>]’
  103 |   vector(const std::initializer_list<T> &lst) : __mem(lst.size())
      |                                                                 ^
tests/vector.cpp:31:45:   required from here
   31 |   micron::vector<size_t> buf = { 1, 2, 3, 4 };
      |                                             ^
tests/../src/vector/../allocation/resources.hpp:24:21: error: cannot call member function ‘void micron::allocator_serial<P>::destroy(micron::chunk<unsigned char>&) [with P = micron::serial_allocation_policy; micron::chunk<unsigned char> = micron::__chunk<unsigned char>]’ without object
   24 |       Alloc::destroy(__core_memory_resource<T>::operator*());
      |       ~~~~~~~~~~~~~~^~~~~~~~~~~~~~~~~~~~~~~~~~~~~~~~~~~~~~~~
tests/../src/vector/../allocation/resources.hpp: In instantiation of ‘size_t micron::__mutable_memory_resource<T, Alloc>::capacity() const [with T = long unsigned int; Alloc = micron::allocator_serial<>; size_t = long unsigned int]’:
tests/../src/vector/vector.hpp:595:63:   required from ‘micron::vector<T, Alloc>& micron::vector<T, Alloc>::assign(size_t, const T&) [with T = long unsigned int; Alloc = micron::allocator_serial<>; size_t = long unsigned int]’
  595 |     if ( (cnt * (sizeof(T) / sizeof(byte))) >= __mem::capacity() ) {
      |                                                ~~~~~~~~~~~~~~~^~
tests/vector.cpp:34:13:   required from here
   34 |   buf.assign(10, 9999);
      |   ~~~~~~~~~~^~~~~~~~~~
tests/../src/vector/../allocation/resources.hpp:63:48: error: request for member ‘capacity’ in ‘((const micron::__mutable_memory_resource<long unsigned int, micron::allocator_serial<> >*)this)->micron::__mutable_memory_resource<long unsigned int, micron::allocator_serial<> >::micron::__core_memory_resource<long unsigned int>.micron::__core_memory_resource<long unsigned int>::memory’, which is of non-class type ‘long unsigned int* const’
   63 |     return ((__core_memory_resource<T>::memory.capacity()));
      |                                         ~~~~~~~^~~~~~~~
tests/../src/vector/vector.hpp: In instantiation of ‘void micron::vector<T, Alloc>::reserve(size_t) [with T = long unsigned int; Alloc = micron::allocator_serial<>; size_t = long unsigned int]’:
tests/../src/vector/vector.hpp:596:7:   required from ‘micron::vector<T, Alloc>& micron::vector<T, Alloc>::assign(size_t, const T&) [with T = long unsigned int; Alloc = micron::allocator_serial<>; size_t = long unsigned int]’
  596 |       reserve(__mem::capacity() + (cnt) * sizeof(T));
      |       ^~~~~~~
tests/vector.cpp:34:13:   required from here
   34 |   buf.assign(10, 9999);
      |   ~~~~~~~~~~^~~~~~~~~~
tests/../src/vector/vector.hpp:337:16: error: ‘grow’ is not a member of ‘micron::vector<long unsigned int>::__mem’ {aka ‘micron::__mutable_memory_resource<long unsigned int, micron::allocator_serial<> >’}
  337 |     __mem::grow(n);
      |     ~~~~~~~~~~~^~~
tests/../src/vector/../allocation/resources.hpp: In instantiation of ‘micron::__mutable_memory_resource<T, Alloc>::__mutable_memory_resource() [with T = unsigned char; Alloc = micron::allocator_serial<>]’:
tests/../src/vector/vector.hpp:119:24:   required from ‘micron::vector<T, Alloc>::vector() [with T = unsigned char; Alloc = micron::allocator_serial<>]’
  119 |   vector(void) : __mem() {};
      |                        ^
tests/vector.cpp:38:24:   required from here
   38 |   micron::vector<byte> byte_data;
      |                        ^~~~~~~~~
tests/../src/vector/../allocation/resources.hpp:27:48: error: cannot call member function ‘micron::chunk<unsigned char> micron::allocator_serial<P>::create(size_t) [with P = micron::serial_allocation_policy; micron::chunk<unsigned char> = micron::__chunk<unsigned char>; size_t = long unsigned int]’ without object
   27 |       : __core_memory_resource<T>(Alloc::create((Alloc::auto_size() >= sizeof(T) ? Alloc::auto_size() : sizeof(T))))
      |                                   ~~~~~~~~~~~~~^~~~~~~~~~~~~~~~~~~~~~~~~~~~~~~~~~~~~~~~~~~~~~~~~~~~~~~~~~~~~~~~~~~~
tests/../src/vector/../allocation/resources.hpp: In instantiation of ‘micron::__mutable_memory_resource<T, Alloc>::~__mutable_memory_resource() [with T = unsigned char; Alloc = micron::allocator_serial<>]’:
tests/../src/vector/vector.hpp:119:24:   required from ‘micron::vector<T, Alloc>::vector() [with T = unsigned char; Alloc = micron::allocator_serial<>]’
  119 |   vector(void) : __mem() {};
      |                        ^
tests/vector.cpp:38:24:   required from here
   38 |   micron::vector<byte> byte_data;
      |                        ^~~~~~~~~
tests/../src/vector/../allocation/resources.hpp:24:21: error: cannot call member function ‘void micron::allocator_serial<P>::destroy(micron::chunk<unsigned char>&) [with P = micron::serial_allocation_policy; micron::chunk<unsigned char> = micron::__chunk<unsigned char>]’ without object
   24 |       Alloc::destroy(__core_memory_resource<T>::operator*());
      |       ~~~~~~~~~~~~~~^~~~~~~~~~~~~~~~~~~~~~~~~~~~~~~~~~~~~~~~
tests/../src/vector/../allocation/resources.hpp: In instantiation of ‘micron::__mutable_memory_resource<T, Alloc>::__mutable_memory_resource() [with T = char; Alloc = micron::allocator_serial<>]’:
tests/../src/vector/vector.hpp:119:24:   required from ‘micron::vector<T, Alloc>::vector() [with T = char; Alloc = micron::allocator_serial<>]’
  119 |   vector(void) : __mem() {};
      |                        ^
tests/vector.cpp:39:24:   required from here
   39 |   micron::vector<char> char_data;
      |                        ^~~~~~~~~
tests/../src/vector/../allocation/resources.hpp:27:48: error: cannot call member function ‘micron::chunk<unsigned char> micron::allocator_serial<P>::create(size_t) [with P = micron::serial_allocation_policy; micron::chunk<unsigned char> = micron::__chunk<unsigned char>; size_t = long unsigned int]’ without object
   27 |       : __core_memory_resource<T>(Alloc::create((Alloc::auto_size() >= sizeof(T) ? Alloc::auto_size() : sizeof(T))))
      |                                   ~~~~~~~~~~~~~^~~~~~~~~~~~~~~~~~~~~~~~~~~~~~~~~~~~~~~~~~~~~~~~~~~~~~~~~~~~~~~~~~~~
tests/../src/vector/../allocation/resources.hpp: In instantiation of ‘micron::__mutable_memory_resource<T, Alloc>::~__mutable_memory_resource() [with T = char; Alloc = micron::allocator_serial<>]’:
tests/../src/vector/vector.hpp:119:24:   required from ‘micron::vector<T, Alloc>::vector() [with T = char; Alloc = micron::allocator_serial<>]’
  119 |   vector(void) : __mem() {};
      |                        ^
tests/vector.cpp:39:24:   required from here
   39 |   micron::vector<char> char_data;
      |                        ^~~~~~~~~
tests/../src/vector/../allocation/resources.hpp:24:21: error: cannot call member function ‘void micron::allocator_serial<P>::destroy(micron::chunk<unsigned char>&) [with P = micron::serial_allocation_policy; micron::chunk<unsigned char> = micron::__chunk<unsigned char>]’ without object
   24 |       Alloc::destroy(__core_memory_resource<T>::operator*());
      |       ~~~~~~~~~~~~~~^~~~~~~~~~~~~~~~~~~~~~~~~~~~~~~~~~~~~~~~
tests/../src/vector/../allocation/resources.hpp: In instantiation of ‘micron::__mutable_memory_resource<T, Alloc>::__mutable_memory_resource() [with T = float; Alloc = micron::allocator_serial<>]’:
tests/../src/vector/vector.hpp:119:24:   required from ‘micron::vector<T, Alloc>::vector() [with T = float; Alloc = micron::allocator_serial<>]’
  119 |   vector(void) : __mem() {};
      |                        ^
tests/vector.cpp:41:25:   required from here
   41 |   micron::vector<float> float_data;
      |                         ^~~~~~~~~~
tests/../src/vector/../allocation/resources.hpp:27:48: error: cannot call member function ‘micron::chunk<unsigned char> micron::allocator_serial<P>::create(size_t) [with P = micron::serial_allocation_policy; micron::chunk<unsigned char> = micron::__chunk<unsigned char>; size_t = long unsigned int]’ without object
   27 |       : __core_memory_resource<T>(Alloc::create((Alloc::auto_size() >= sizeof(T) ? Alloc::auto_size() : sizeof(T))))
      |                                   ~~~~~~~~~~~~~^~~~~~~~~~~~~~~~~~~~~~~~~~~~~~~~~~~~~~~~~~~~~~~~~~~~~~~~~~~~~~~~~~~~
tests/../src/vector/../allocation/resources.hpp: In instantiation of ‘micron::__mutable_memory_resource<T, Alloc>::~__mutable_memory_resource() [with T = float; Alloc = micron::allocator_serial<>]’:
tests/../src/vector/vector.hpp:119:24:   required from ‘micron::vector<T, Alloc>::vector() [with T = float; Alloc = micron::allocator_serial<>]’
  119 |   vector(void) : __mem() {};
      |                        ^
tests/vector.cpp:41:25:   required from here
   41 |   micron::vector<float> float_data;
      |                         ^~~~~~~~~~
tests/../src/vector/../allocation/resources.hpp:24:21: error: cannot call member function ‘void micron::allocator_serial<P>::destroy(micron::chunk<unsigned char>&) [with P = micron::serial_allocation_policy; micron::chunk<unsigned char> = micron::__chunk<unsigned char>]’ without object
   24 |       Alloc::destroy(__core_memory_resource<T>::operator*());
      |       ~~~~~~~~~~~~~~^~~~~~~~~~~~~~~~~~~~~~~~~~~~~~~~~~~~~~~~
tests/../src/vector/../allocation/resources.hpp: In instantiation of ‘micron::__mutable_memory_resource<T, Alloc>::__mutable_memory_resource() [with T = long unsigned int; Alloc = micron::allocator_serial<>]’:
tests/../src/vector/vector.hpp:119:24:   required from ‘micron::vector<T, Alloc>::vector() [with T = long unsigned int; Alloc = micron::allocator_serial<>]’
  119 |   vector(void) : __mem() {};
      |                        ^
tests/vector.cpp:42:26:   required from here
   42 |   micron::vector<size_t> max_data;
      |                          ^~~~~~~~
tests/../src/vector/../allocation/resources.hpp:27:48: error: cannot call member function ‘micron::chunk<unsigned char> micron::allocator_serial<P>::create(size_t) [with P = micron::serial_allocation_policy; micron::chunk<unsigned char> = micron::__chunk<unsigned char>; size_t = long unsigned int]’ without object
   27 |       : __core_memory_resource<T>(Alloc::create((Alloc::auto_size() >= sizeof(T) ? Alloc::auto_size() : sizeof(T))))
      |                                   ~~~~~~~~~~~~~^~~~~~~~~~~~~~~~~~~~~~~~~~~~~~~~~~~~~~~~~~~~~~~~~~~~~~~~~~~~~~~~~~~~
tests/../src/vector/../allocation/resources.hpp: In instantiation of ‘size_t micron::__mutable_memory_resource<T, Alloc>::capacity() const [with T = unsigned char; Alloc = micron::allocator_serial<>; size_t = long unsigned int]’:
tests/../src/vector/vector.hpp:639:49:   required from ‘void micron::vector<T, Alloc>::push_back(T&&) [with T = unsigned char; Alloc = micron::allocator_serial<>]’
  639 |       if ( (__mem::length + 1 <= __mem::capacity()) ) {
      |                                  ~~~~~~~~~~~~~~~^~
tests/vector.cpp:44:24:   required from here
   44 |     byte_data.push_back(static_cast<byte>(i));
      |     ~~~~~~~~~~~~~~~~~~~^~~~~~~~~~~~~~~~~~~~~~
tests/../src/vector/../allocation/resources.hpp:63:48: error: request for member ‘capacity’ in ‘((const micron::__mutable_memory_resource<unsigned char, micron::allocator_serial<> >*)this)->micron::__mutable_memory_resource<unsigned char, micron::allocator_serial<> >::micron::__core_memory_resource<unsigned char>.micron::__core_memory_resource<unsigned char>::memory’, which is of non-class type ‘unsigned char* const’
   63 |     return ((__core_memory_resource<T>::memory.capacity()));
      |                                         ~~~~~~~^~~~~~~~
tests/../src/vector/../allocation/resources.hpp: In instantiation of ‘size_t micron::__mutable_memory_resource<T, Alloc>::capacity() const [with T = char; Alloc = micron::allocator_serial<>; size_t = long unsigned int]’:
tests/../src/vector/vector.hpp:639:49:   required from ‘void micron::vector<T, Alloc>::push_back(T&&) [with T = char; Alloc = micron::allocator_serial<>]’
  639 |       if ( (__mem::length + 1 <= __mem::capacity()) ) {
      |                                  ~~~~~~~~~~~~~~~^~
tests/vector.cpp:45:24:   required from here
   45 |     char_data.push_back(static_cast<char>(i));
      |     ~~~~~~~~~~~~~~~~~~~^~~~~~~~~~~~~~~~~~~~~~
tests/../src/vector/../allocation/resources.hpp:63:48: error: request for member ‘capacity’ in ‘((const micron::__mutable_memory_resource<char, micron::allocator_serial<> >*)this)->micron::__mutable_memory_resource<char, micron::allocator_serial<> >::micron::__core_memory_resource<char>.micron::__core_memory_resource<char>::memory’, which is of non-class type ‘char* const’
   63 |     return ((__core_memory_resource<T>::memory.capacity()));
      |                                         ~~~~~~~^~~~~~~~
tests/../src/vector/../allocation/resources.hpp: In instantiation of ‘size_t micron::__mutable_memory_resource<T, Alloc>::capacity() const [with T = float; Alloc = micron::allocator_serial<>; size_t = long unsigned int]’:
tests/../src/vector/vector.hpp:639:49:   required from ‘void micron::vector<T, Alloc>::push_back(T&&) [with T = float; Alloc = micron::allocator_serial<>]’
  639 |       if ( (__mem::length + 1 <= __mem::capacity()) ) {
      |                                  ~~~~~~~~~~~~~~~^~
tests/vector.cpp:47:25:   required from here
   47 |     float_data.push_back(static_cast<float>(i));
      |     ~~~~~~~~~~~~~~~~~~~~^~~~~~~~~~~~~~~~~~~~~~~
tests/../src/vector/../allocation/resources.hpp:63:48: error: request for member ‘capacity’ in ‘((const micron::__mutable_memory_resource<float, micron::allocator_serial<> >*)this)->micron::__mutable_memory_resource<float, micron::allocator_serial<> >::micron::__core_memory_resource<float>.micron::__core_memory_resource<float>::memory’, which is of non-class type ‘float* const’
   63 |     return ((__core_memory_resource<T>::memory.capacity()));
      |                                         ~~~~~~~^~~~~~~~
tests/../src/vector/../allocation/resources.hpp: In instantiation of ‘micron::__immutable_memory_resource<T, Alloc>::~__immutable_memory_resource() [with T = long unsigned int; Alloc = micron::allocator_serial<>]’:
tests/../src/vector/../slice.hpp:56:3:   required from ‘micron::slice<T, Alloc>::~slice() [with T = long unsigned int; Alloc = micron::allocator_serial<>]’
   56 |   }
      |   ^
tests/vector.cpp:84:45:   required from here
   84 |   micron::slice<size_t> slc = max_data[4, 20];
      |                                             ^
tests/../src/vector/../allocation/resources.hpp:110:49: error: cannot convert ‘long unsigned int*’ to ‘micron::chunk<unsigned char>&’ {aka ‘micron::__chunk<unsigned char>&’}
  110 |       Alloc::destroy(__core_memory_resource<T>::memory);
      |                                                 ^~~~~~
      |                                                 |
      |                                                 long unsigned int*
In file included from tests/../src/vector/../allocation/allocator_types.hpp:31:
tests/../src/vector/../allocation/allocator_types/serial_allocator.hpp:55:24: note: initializing argument 1 of ‘void micron::allocator_serial<P>::destroy(micron::chunk<unsigned char>&) [with P = micron::serial_allocation_policy; micron::chunk<unsigned char> = micron::__chunk<unsigned char>]’
   55 |   destroy(chunk<byte> &mem)
      |           ~~~~~~~~~~~~~^~~
tests/../src/vector/../allocation/resources.hpp: In instantiation of ‘void micron::__immutable_memory_resource<T, Alloc>::free() [with T = long unsigned int; Alloc = micron::allocator_serial<>]’:
tests/../src/vector/../slice.hpp:54:16:   required from ‘micron::slice<T, Alloc>::~slice() [with T = long unsigned int; Alloc = micron::allocator_serial<>]’
   54 |     __mem::free();
      |     ~~~~~~~~~~~^~
tests/vector.cpp:84:45:   required from here
   84 |   micron::slice<size_t> slc = max_data[4, 20];
      |                                             ^
tests/../src/vector/../allocation/resources.hpp:156:21: error: cannot call member function ‘void micron::allocator_serial<P>::destroy(micron::chunk<unsigned char>&) [with P = micron::serial_allocation_policy; micron::chunk<unsigned char> = micron::__chunk<unsigned char>]’ without object
  156 |       Alloc::destroy(__core_memory_resource<T>::operator*());
      |       ~~~~~~~~~~~~~~^~~~~~~~~~~~~~~~~~~~~~~~~~~~~~~~~~~~~~~~
tests/../src/vector/../allocation/resources.hpp: In instantiation of ‘void micron::__mutable_memory_resource<T, Alloc>::free() [with T = int; Alloc = micron::allocator_serial<>]’:
tests/../src/vector/vector.hpp:173:18:   required from ‘micron::vector<T, Alloc>& micron::vector<T, Alloc>::operator=(micron::vector<T, Alloc>&&) [with T = int; Alloc = micron::allocator_serial<>]’
  173 |       __mem::free();
      |       ~~~~~~~~~~~^~
tests/vector.cpp:86:36:   required from here
   86 |   nint_data = micron::move(int_data);
      |                                    ^
tests/../src/vector/../allocation/resources.hpp:79:21: error: cannot call member function ‘void micron::allocator_serial<P>::destroy(micron::chunk<unsigned char>&) [with P = micron::serial_allocation_policy; micron::chunk<unsigned char> = micron::__chunk<unsigned char>]’ without object
   79 |       Alloc::destroy(__core_memory_resource<T>::operator*());
      |       ~~~~~~~~~~~~~~^~~~~~~~~~~~~~~~~~~~~~~~~~~~~~~~~~~~~~~~
tests/../src/vector/../allocation/resources.hpp: In instantiation of ‘micron::__immutable_memory_resource<T, Alloc>::__immutable_memory_resource(size_t) [with T = long unsigned int; Alloc = micron::allocator_serial<>; size_t = long unsigned int]’:
tests/../src/vector/../slice.hpp:62:57:   required from ‘micron::slice<T, Alloc>::slice(T*, T*) [with T = long unsigned int; Alloc = micron::allocator_serial<>]’
   62 |       : __mem(((static_cast<size_t>(b - a) / sizeof(T))))
      |                                                         ^
tests/../src/vector/vector.hpp:233:12:   required from ‘micron::slice<T> micron::vector<T, Alloc>::operator[](size_t, size_t) [with T = long unsigned int; Alloc = micron::allocator_serial<>; size_t = long unsigned int]’
  233 |     return slice<T>(get(from), get(to));
      |            ^~~~~~~~~~~~~~~~~~~~~~~~~~~~
tests/vector.cpp:84:45:   required from here
   84 |   micron::slice<size_t> slc = max_data[4, 20];
      |                                             ^
tests/../src/vector/../allocation/resources.hpp:117:48: error: cannot call member function ‘micron::chunk<unsigned char> micron::allocator_serial<P>::create(size_t) [with P = micron::serial_allocation_policy; micron::chunk<unsigned char> = micron::__chunk<unsigned char>; size_t = long unsigned int]’ without object
  117 |       : __core_memory_resource<T>(Alloc::create(n_elements * (sizeof(T) / sizeof(byte)))) {};
      |                                   ~~~~~~~~~~~~~^~~~~~~~~~~~~~~~~~~~~~~~~~~~~~~~~~~~~~~~~
real 1.61
user 1.46
sys 0.13
ninja: build stopped: subcommand failed.
[34mabcmalloc[] debug: [0m push():  with size: 50
[34mabcmalloc[] debug: [0m __vmap_append() alloc'd:  with size: 992
[34mabcmalloc[] debug: [0m push():  with size: 50
[34mabcmalloc[] debug: [0m __vmap_append() alloc'd:  with size: 992
[34mabcmalloc[] debug: [0m push():  with size: 4096
[34mabcmalloc[] debug: [0m __vmap_append() alloc'd:  with size: 8160
{ 1, 2, 3, 5, 6, 7 }
[34mabcmalloc[] debug: [0m pop() address:  at addr: 0x7f5cb8500020
[34mabcmalloc[] debug: [0m pop() size:  with size: 8160
Redo
[34mabcmalloc[] debug: [0m push():  with size: 4096
[34mabcmalloc[] debug: [0m __vmap_append() alloc'd:  with size: 8160
[34mabcmalloc[] debug: [0m push():  with size: 4096
[34mabcmalloc[] debug: [0m __vmap_append() alloc'd:  with size: 8160
{ 1, 2, 3, 4, 5, 6, 2, 5, 5 }
{ 1, 2, 3, 4, 5, 6, 100 }
[34mabcmalloc[] debug: [0m push():  with size: 4096
[34mabcmalloc[] debug: [0m __vmap_append() alloc'd:  with size: 8160
1
2
3
4
9999
9999
9999
9999
9999
9999
9999
9999
9999
9999
[34mabcmalloc[] debug: [0m push():  with size: 4096
[34mabcmalloc[] debug: [0m __vmap_append() alloc'd:  with size: 8160
[34mabcmalloc[] debug: [0m push():  with size: 4096
[34mabcmalloc[] debug: [0m __vmap_append() alloc'd:  with size: 8160
[34mabcmalloc[] debug: [0m push():  with size: 4096
[34mabcmalloc[] debug: [0m __vmap_append() alloc'd:  with size: 8160
[34mabcmalloc[] debug: [0m push():  with size: 4096
[34mabcmalloc[] debug: [0m __vmap_append() alloc'd:  with size: 8160
[34mabcmalloc[] debug: [0m push():  with size: 4096
[34mabcmalloc[] debug: [0m __vmap_append() alloc'd:  with size: 8160
[34mabcmalloc[] debug: [0m push():  with size: 65280
[34mabcmalloc[] debug: [0m failed to __vmap_append():  with size: 65280
[34mabcmalloc[] debug: [0m __vmap_append() alloc'd:  with size: 131040
[34mabcmalloc[] debug: [0m pop() address:  at addr: 0x7f5cb850e020
[34mabcmalloc[] debug: [0m pop() size:  with size: 8160
[34mabcmalloc[] debug: [0m push():  with size: 32640
[34mabcmalloc[] debug: [0m __vmap_append() alloc'd:  with size: 65504
[34mabcmalloc[] debug: [0m pop() address:  at addr: 0x7f5cb850a020
[34mabcmalloc[] debug: [0m pop() size:  with size: 8160
[34mabcmalloc[] debug: [0m push():  with size: 32640
[34mabcmalloc[] debug: [0m __vmap_append() alloc'd:  with size: 65504
[34mabcmalloc[] debug: [0m pop() address:  at addr: 0x7f5cb850c020
[34mabcmalloc[] debug: [0m pop() size:  with size: 8160
[34mabcmalloc[] debug: [0m push():  with size: 24480
[34mabcmalloc[] debug: [0m __vmap_append() alloc'd:  with size: 65504
[34mabcmalloc[] debug: [0m pop() address:  at addr: 0x7f5cb8506020
[34mabcmalloc[] debug: [0m pop() size:  with size: 8160
[34mabcmalloc[] debug: [0m push():  with size: 24480
[34mabcmalloc[] debug: [0m __vmap_append() alloc'd:  with size: 65504
[34mabcmalloc[] debug: [0m pop() address:  at addr: 0x7f5cb8508020
[34mabcmalloc[] debug: [0m pop() size:  with size: 8160
Size of byte: 1
Size of char: 1
Size of float: 4
Size of size_t: 8
Size of byte_data(): 10000
Capacity of byte_data(): 65504
Size of char_data(): 10000
Capacity of char_data(): 65504
Size of int_data(): 10000
Capacity of int_data(): 16376
Size of float_data(): 10000
Capacity of float_data(): 16376
Size of max_data(): 10000
Capacity of max_data(): 16380
i: 0
i: 0
i: 0
i: 0.0
i: 0
i: 1
i: 1
i: 1
i: 1.0
i: 1
i: 2
i: 2
i: 2
i: 2.0
i: 2
i: 3
i: 3
i: 3
i: 3.0
i: 3
i: 4
i: 4
i: 4
i: 4.0
i: 4
i: 5
i: 5
i: 5
i: 5.0
i: 5
i: 6
i: 6
i: 6
i: 6.0
i: 6
i: 7
i: 7
i: 7
i: 7.0
i: 7
i: 8
i: 8
i: 8
i: 8.0
i: 8
i: 9
i: 9
i: 9
i: 9.0
i: 9
i: 10
i: 10
i: 10
i: 10.0
i: 10
i: 11
i: 11
i: 11
i: 11.0
i: 11
i: 12
i: 12
i: 12
i: 12.0
i: 12
i: 13
i: 13
i: 13
i: 13.0
i: 13
i: 14
i: 14
i: 14
i: 14.0
i: 14
i: 15
i: 15
i: 15
i: 15.0
i: 15
i: 16
i: 16
i: 16
i: 16.0
i: 16
i: 17
i: 17
i: 17
i: 17.0
i: 17
i: 18
i: 18
i: 18
i: 18.0
i: 18
i: 19
i: 19
i: 19
i: 19.0
i: 19
i: 20
i: 20
i: 20
i: 20.0
i: 20
i: 21
i: 21
i: 21
i: 21.0
i: 21
i: 22
i: 22
i: 22
i: 22.0
i: 22
i: 23
i: 23
i: 23
i: 23.0
i: 23
i: 24
i: 24
i: 24
i: 24.0
i: 24
i: 25
i: 25
i: 25
i: 25.0
i: 25
i: 26
i: 26
i: 26
i: 26.0
i: 26
i: 27
i: 27
i: 27
i: 27.0
i: 27
i: 28
i: 28
i: 28
i: 28.0
i: 28
i: 29
i: 29
i: 29
i: 29.0
i: 29
i: 30
i: 30
i: 30
i: 30.0
i: 30
i: 31
i: 31
i: 31
i: 31.0
i: 31
i: 32
i: 32
i: 32
i: 32.0
i: 32
i: 33
i: 33
i: 33
i: 33.0
i: 33
i: 34
i: 34
i: 34
i: 34.0
i: 34
i: 35
i: 35
i: 35
i: 35.0
i: 35
i: 36
i: 36
i: 36
i: 36.0
i: 36
i: 37
i: 37
i: 37
i: 37.0
i: 37
i: 38
i: 38
i: 38
i: 38.0
i: 38
i: 39
i: 39
i: 39
i: 39.0
i: 39
i: 40
i: 40
i: 40
i: 40.0
i: 40
i: 41
i: 41
i: 41
i: 41.0
i: 41
i: 42
i: 42
i: 42
i: 42.0
i: 42
i: 43
i: 43
i: 43
i: 43.0
i: 43
i: 44
i: 44
i: 44
i: 44.0
i: 44
i: 45
i: 45
i: 45
i: 45.0
i: 45
i: 46
i: 46
i: 46
i: 46.0
i: 46
i: 47
i: 47
i: 47
i: 47.0
i: 47
i: 48
i: 48
i: 48
i: 48.0
i: 48
i: 49
i: 49
i: 49
i: 49.0
i: 49
i: 222
i: -34
i: 9950
i: 9950.0
i: 9950
i: 223
i: -33
i: 9951
i: 9951.0
i: 9951
i: 224
i: -32
i: 9952
i: 9952.0
i: 9952
i: 225
i: -31
i: 9953
i: 9953.0
i: 9953
i: 226
i: -30
i: 9954
i: 9954.0
i: 9954
i: 227
i: -29
i: 9955
i: 9955.0
i: 9955
i: 228
i: -28
i: 9956
i: 9956.0
i: 9956
i: 229
i: -27
i: 9957
i: 9957.0
i: 9957
i: 230
i: -26
i: 9958
i: 9958.0
i: 9958
i: 231
i: -25
i: 9959
i: 9959.0
i: 9959
i: 232
i: -24
i: 9960
i: 9960.0
i: 9960
i: 233
i: -23
i: 9961
i: 9961.0
i: 9961
i: 234
i: -22
i: 9962
i: 9962.0
i: 9962
i: 235
i: -21
i: 9963
i: 9963.0
i: 9963
i: 236
i: -20
i: 9964
i: 9964.0
i: 9964
i: 237
i: -19
i: 9965
i: 9965.0
i: 9965
i: 238
i: -18
i: 9966
i: 9966.0
i: 9966
i: 239
i: -17
i: 9967
i: 9967.0
i: 9967
i: 240
i: -16
i: 9968
i: 9968.0
i: 9968
i: 241
i: -15
i: 9969
i: 9969.0
i: 9969
i: 242
i: -14
i: 9970
i: 9970.0
i: 9970
i: 243
i: -13
i: 9971
i: 9971.0
i: 9971
i: 244
i: -12
i: 9972
i: 9972.0
i: 9972
i: 245
i: -11
i: 9973
i: 9973.0
i: 9973
i: 246
i: -10
i: 9974
i: 9974.0
i: 9974
i: 247
i: -9
i: 9975
i: 9975.0
i: 9975
i: 248
i: -8
i: 9976
i: 9976.0
i: 9976
i: 249
i: -7
i: 9977
i: 9977.0
i: 9977
i: 250
i: -6
i: 9978
i: 9978.0
i: 9978
i: 251
i: -5
i: 9979
i: 9979.0
i: 9979
i: 252
i: -4
i: 9980
i: 9980.0
i: 9980
i: 253
i: -3
i: 9981
i: 9981.0
i: 9981
i: 254
i: -2
i: 9982
i: 9982.0
i: 9982
i: 255
i: -1
i: 9983
i: 9983.0
i: 9983
i: 0
i: 0
i: 9984
i: 9984.0
i: 9984
i: 1
i: 1
i: 9985
i: 9985.0
i: 9985
i: 2
i: 2
i: 9986
i: 9986.0
i: 9986
i: 3
i: 3
i: 9987
i: 9987.0
i: 9987
i: 4
i: 4
i: 9988
i: 9988.0
i: 9988
i: 5
i: 5
i: 9989
i: 9989.0
i: 9989
i: 6
i: 6
i: 9990
i: 9990.0
i: 9990
i: 7
i: 7
i: 9991
i: 9991.0
i: 9991
i: 8
i: 8
i: 9992
i: 9992.0
i: 9992
i: 9
i: 9
i: 9993
i: 9993.0
i: 9993
i: 10
i: 10
i: 9994
i: 9994.0
i: 9994
i: 11
i: 11
i: 9995
i: 9995.0
i: 9995
i: 12
i: 12
i: 9996
i: 9996.0
i: 9996
i: 13
i: 13
i: 9997
i: 9997.0
i: 9997
i: 14
i: 14
i: 9998
i: 9998.0
i: 9998
i: 15
i: 15
i: 9999
i: 9999.0
i: 9999
Slicing
[34mabcmalloc[] debug: [0m push():  with size: 4096
[34mabcmalloc[] debug: [0m __vmap_append() alloc'd:  with size: 8160
[34mabcmalloc[] debug: [0m push():  with size: 4096
[34mabcmalloc[] debug: [0m __vmap_append() alloc'd:  with size: 8160
moving
[34mabcmalloc[] debug: [0m pop() address:  at addr: 0x7f5cb8508020
[34mabcmalloc[] debug: [0m pop() size:  with size: 8160
moving
size of int_data10000
size of nint_data10000
[34mabcmalloc[] debug: [0m pop() address:  at addr: 0x7f5cb4420020
[34mabcmalloc[] debug: [0m pop() size:  with size: 65504
[34mabcmalloc[] debug: [0m pop() address:  at addr: 0x7f5cb8506020
[34mabcmalloc[] debug: [0m pop() size:  with size: 8160
[34mabcmalloc[] debug: [0m pop() address:  at addr: 0x7f5cb4400020
[34mabcmalloc[] debug: [0m pop() size:  with size: 131040
[34mabcmalloc[] debug: [0m pop() address:  at addr: 0x7f5cb4430020
[34mabcmalloc[] debug: [0m pop() size:  with size: 65504
[34mabcmalloc[] debug: [0m pop() address:  at addr: 0x7f5cb4420020
[34mabcmalloc[] debug: [0m pop() size:  with size: 65504
[34mabcmalloc[] debug: [0m pop() address:  at addr: 0x7f5cb4450020
[34mabcmalloc[] debug: [0m pop() size:  with size: 65504
[34mabcmalloc[] debug: [0m pop() address:  at addr: 0x7f5cb4440020
[34mabcmalloc[] debug: [0m pop() size:  with size: 65504
[34mabcmalloc[] debug: [0m pop() address:  at addr: 0x7f5cb8504020
[34mabcmalloc[] debug: [0m pop() size:  with size: 8160
[34mabcmalloc[] debug: [0m pop() address:  at addr: 0x7f5cb8502020
[34mabcmalloc[] debug: [0m pop() size:  with size: 8160
[34mabcmalloc[] debug: [0m pop() address:  at addr: 0x7f5cb8500020
[34mabcmalloc[] debug: [0m pop() size:  with size: 8160
[34mabcmalloc[] debug: [0m push():  with size: 50
[34mabcmalloc[] debug: [0m __vmap_append() alloc'd:  with size: 992
[34mabcmalloc[] debug: [0m push():  with size: 50
[34mabcmalloc[] debug: [0m __vmap_append() alloc'd:  with size: 992
[34mabcmalloc[] debug: [0m push():  with size: 4096
[34mabcmalloc[] debug: [0m __vmap_append() alloc'd:  with size: 8160
{ 1, 2, 3, 5, 6, 7 }
[34mabcmalloc[] debug: [0m pop() address:  at addr: 0x7f6762812020
[34mabcmalloc[] debug: [0m pop() size:  with size: 8160
Redo
[34mabcmalloc[] debug: [0m push():  with size: 4096
[34mabcmalloc[] debug: [0m __vmap_append() alloc'd:  with size: 8160
[34mabcmalloc[] debug: [0m push():  with size: 4096
[34mabcmalloc[] debug: [0m __vmap_append() alloc'd:  with size: 8160
{ 1, 2, 3, 4, 5, 6, 2, 5, 5 }
{ 1, 2, 3, 4, 5, 6, 100 }
[34mabcmalloc[] debug: [0m push():  with size: 4096
[34mabcmalloc[] debug: [0m __vmap_append() alloc'd:  with size: 8160
1
2
3
4
9999
9999
9999
9999
9999
9999
9999
9999
9999
9999
[34mabcmalloc[] debug: [0m push():  with size: 4096
[34mabcmalloc[] debug: [0m __vmap_append() alloc'd:  with size: 8160
[34mabcmalloc[] debug: [0m push():  with size: 4096
[34mabcmalloc[] debug: [0m __vmap_append() alloc'd:  with size: 8160
[34mabcmalloc[] debug: [0m push():  with size: 4096
[34mabcmalloc[] debug: [0m __vmap_append() alloc'd:  with size: 8160
[34mabcmalloc[] debug: [0m push():  with size: 4096
[34mabcmalloc[] debug: [0m __vmap_append() alloc'd:  with size: 8160
[34mabcmalloc[] debug: [0m push():  with size: 4096
[34mabcmalloc[] debug: [0m __vmap_append() alloc'd:  with size: 8160
[34mabcmalloc[] debug: [0m push():  with size: 65280
[34mabcmalloc[] debug: [0m failed to __vmap_append():  with size: 65280
[34mabcmalloc[] debug: [0m __vmap_append() alloc'd:  with size: 131040
[34mabcmalloc[] debug: [0m pop() address:  at addr: 0x7f6762820020
[34mabcmalloc[] debug: [0m pop() size:  with size: 8160
[34mabcmalloc[] debug: [0m push():  with size: 32640
[34mabcmalloc[] debug: [0m __vmap_append() alloc'd:  with size: 65504
[34mabcmalloc[] debug: [0m pop() address:  at addr: 0x7f676281c020
[34mabcmalloc[] debug: [0m pop() size:  with size: 8160
[34mabcmalloc[] debug: [0m push():  with size: 32640
[34mabcmalloc[] debug: [0m __vmap_append() alloc'd:  with size: 65504
[34mabcmalloc[] debug: [0m pop() address:  at addr: 0x7f676281e020
[34mabcmalloc[] debug: [0m pop() size:  with size: 8160
[34mabcmalloc[] debug: [0m push():  with size: 24480
[34mabcmalloc[] debug: [0m __vmap_append() alloc'd:  with size: 65504
[34mabcmalloc[] debug: [0m pop() address:  at addr: 0x7f6762818020
[34mabcmalloc[] debug: [0m pop() size:  with size: 8160
[34mabcmalloc[] debug: [0m push():  with size: 24480
[34mabcmalloc[] debug: [0m __vmap_append() alloc'd:  with size: 65504
[34mabcmalloc[] debug: [0m pop() address:  at addr: 0x7f676281a020
[34mabcmalloc[] debug: [0m pop() size:  with size: 8160
Size of byte: 1
Size of char: 1
Size of float: 4
Size of size_t: 8
Size of byte_data(): 10000
Capacity of byte_data(): 65504
Size of char_data(): 10000
Capacity of char_data(): 65504
Size of int_data(): 10000
Capacity of int_data(): 16376
Size of float_data(): 10000
Capacity of float_data(): 16376
Size of max_data(): 10000
Capacity of max_data(): 16380
i: 0
i: 0
i: 0
i: 0.0
i: 0
i: 1
i: 1
i: 1
i: 1.0
i: 1
i: 2
i: 2
i: 2
i: 2.0
i: 2
i: 3
i: 3
i: 3
i: 3.0
i: 3
i: 4
i: 4
i: 4
i: 4.0
i: 4
i: 5
i: 5
i: 5
i: 5.0
i: 5
i: 6
i: 6
i: 6
i: 6.0
i: 6
i: 7
i: 7
i: 7
i: 7.0
i: 7
i: 8
i: 8
i: 8
i: 8.0
i: 8
i: 9
i: 9
i: 9
i: 9.0
i: 9
i: 10
i: 10
i: 10
i: 10.0
i: 10
i: 11
i: 11
i: 11
i: 11.0
i: 11
i: 12
i: 12
i: 12
i: 12.0
i: 12
i: 13
i: 13
i: 13
i: 13.0
i: 13
i: 14
i: 14
i: 14
i: 14.0
i: 14
i: 15
i: 15
i: 15
i: 15.0
i: 15
i: 16
i: 16
i: 16
i: 16.0
i: 16
i: 17
i: 17
i: 17
i: 17.0
i: 17
i: 18
i: 18
i: 18
i: 18.0
i: 18
i: 19
i: 19
i: 19
i: 19.0
i: 19
i: 20
i: 20
i: 20
i: 20.0
i: 20
i: 21
i: 21
i: 21
i: 21.0
i: 21
i: 22
i: 22
i: 22
i: 22.0
i: 22
i: 23
i: 23
i: 23
i: 23.0
i: 23
i: 24
i: 24
i: 24
i: 24.0
i: 24
i: 25
i: 25
i: 25
i: 25.0
i: 25
i: 26
i: 26
i: 26
i: 26.0
i: 26
i: 27
i: 27
i: 27
i: 27.0
i: 27
i: 28
i: 28
i: 28
i: 28.0
i: 28
i: 29
i: 29
i: 29
i: 29.0
i: 29
i: 30
i: 30
i: 30
i: 30.0
i: 30
i: 31
i: 31
i: 31
i: 31.0
i: 31
i: 32
i: 32
i: 32
i: 32.0
i: 32
i: 33
i: 33
i: 33
i: 33.0
i: 33
i: 34
i: 34
i: 34
i: 34.0
i: 34
i: 35
i: 35
i: 35
i: 35.0
i: 35
i: 36
i: 36
i: 36
i: 36.0
i: 36
i: 37
i: 37
i: 37
i: 37.0
i: 37
i: 38
i: 38
i: 38
i: 38.0
i: 38
i: 39
i: 39
i: 39
i: 39.0
i: 39
i: 40
i: 40
i: 40
i: 40.0
i: 40
i: 41
i: 41
i: 41
i: 41.0
i: 41
i: 42
i: 42
i: 42
i: 42.0
i: 42
i: 43
i: 43
i: 43
i: 43.0
i: 43
i: 44
i: 44
i: 44
i: 44.0
i: 44
i: 45
i: 45
i: 45
i: 45.0
i: 45
i: 46
i: 46
i: 46
i: 46.0
i: 46
i: 47
i: 47
i: 47
i: 47.0
i: 47
i: 48
i: 48
i: 48
i: 48.0
i: 48
i: 49
i: 49
i: 49
i: 49.0
i: 49
i: 222
i: -34
i: 9950
i: 9950.0
i: 9950
i: 223
i: -33
i: 9951
i: 9951.0
i: 9951
i: 224
i: -32
i: 9952
i: 9952.0
i: 9952
i: 225
i: -31
i: 9953
i: 9953.0
i: 9953
i: 226
i: -30
i: 9954
i: 9954.0
i: 9954
i: 227
i: -29
i: 9955
i: 9955.0
i: 9955
i: 228
i: -28
i: 9956
i: 9956.0
i: 9956
i: 229
i: -27
i: 9957
i: 9957.0
i: 9957
i: 230
i: -26
i: 9958
i: 9958.0
i: 9958
i: 231
i: -25
i: 9959
i: 9959.0
i: 9959
i: 232
i: -24
i: 9960
i: 9960.0
i: 9960
i: 233
i: -23
i: 9961
i: 9961.0
i: 9961
i: 234
i: -22
i: 9962
i: 9962.0
i: 9962
i: 235
i: -21
i: 9963
i: 9963.0
i: 9963
i: 236
i: -20
i: 9964
i: 9964.0
i: 9964
i: 237
i: -19
i: 9965
i: 9965.0
i: 9965
i: 238
i: -18
i: 9966
i: 9966.0
i: 9966
i: 239
i: -17
i: 9967
i: 9967.0
i: 9967
i: 240
i: -16
i: 9968
i: 9968.0
i: 9968
i: 241
i: -15
i: 9969
i: 9969.0
i: 9969
i: 242
i: -14
i: 9970
i: 9970.0
i: 9970
i: 243
i: -13
i: 9971
i: 9971.0
i: 9971
i: 244
i: -12
i: 9972
i: 9972.0
i: 9972
i: 245
i: -11
i: 9973
i: 9973.0
i: 9973
i: 246
i: -10
i: 9974
i: 9974.0
i: 9974
i: 247
i: -9
i: 9975
i: 9975.0
i: 9975
i: 248
i: -8
i: 9976
i: 9976.0
i: 9976
i: 249
i: -7
i: 9977
i: 9977.0
i: 9977
i: 250
i: -6
i: 9978
i: 9978.0
i: 9978
i: 251
i: -5
i: 9979
i: 9979.0
i: 9979
i: 252
i: -4
i: 9980
i: 9980.0
i: 9980
i: 253
i: -3
i: 9981
i: 9981.0
i: 9981
i: 254
i: -2
i: 9982
i: 9982.0
i: 9982
i: 255
i: -1
i: 9983
i: 9983.0
i: 9983
i: 0
i: 0
i: 9984
i: 9984.0
i: 9984
i: 1
i: 1
i: 9985
i: 9985.0
i: 9985
i: 2
i: 2
i: 9986
i: 9986.0
i: 9986
i: 3
i: 3
i: 9987
i: 9987.0
i: 9987
i: 4
i: 4
i: 9988
i: 9988.0
i: 9988
i: 5
i: 5
i: 9989
i: 9989.0
i: 9989
i: 6
i: 6
i: 9990
i: 9990.0
i: 9990
i: 7
i: 7
i: 9991
i: 9991.0
i: 9991
i: 8
i: 8
i: 9992
i: 9992.0
i: 9992
i: 9
i: 9
i: 9993
i: 9993.0
i: 9993
i: 10
i: 10
i: 9994
i: 9994.0
i: 9994
i: 11
i: 11
i: 9995
i: 9995.0
i: 9995
i: 12
i: 12
i: 9996
i: 9996.0
i: 9996
i: 13
i: 13
i: 9997
i: 9997.0
i: 9997
i: 14
i: 14
i: 9998
i: 9998.0
i: 9998
i: 15
i: 15
i: 9999
i: 9999.0
i: 9999
Slicing
[34mabcmalloc[] debug: [0m push():  with size: 4096
[34mabcmalloc[] debug: [0m __vmap_append() alloc'd:  with size: 8160
[34mabcmalloc[] debug: [0m push():  with size: 4096
[34mabcmalloc[] debug: [0m __vmap_append() alloc'd:  with size: 8160
moving
[34mabcmalloc[] debug: [0m pop() address:  at addr: 0x7f676281a020
[34mabcmalloc[] debug: [0m pop() size:  with size: 8160
moving
size of int_data10000
size of nint_data10000
[34mabcmalloc[] debug: [0m pop() address:  at addr: 0x7f675e420020
[34mabcmalloc[] debug: [0m pop() size:  with size: 65504
[34mabcmalloc[] debug: [0m pop() address:  at addr: 0x7f6762818020
[34mabcmalloc[] debug: [0m pop() size:  with size: 8160
[34mabcmalloc[] debug: [0m pop() address:  at addr: 0x7f675e400020
[34mabcmalloc[] debug: [0m pop() size:  with size: 131040
[34mabcmalloc[] debug: [0m pop() address:  at addr: 0x7f675e430020
[34mabcmalloc[] debug: [0m pop() size:  with size: 65504
[34mabcmalloc[] debug: [0m pop() address:  at addr: 0x7f675e420020
[34mabcmalloc[] debug: [0m pop() size:  with size: 65504
[34mabcmalloc[] debug: [0m pop() address:  at addr: 0x7f675e450020
[34mabcmalloc[] debug: [0m pop() size:  with size: 65504
[34mabcmalloc[] debug: [0m pop() address:  at addr: 0x7f675e440020
[34mabcmalloc[] debug: [0m pop() size:  with size: 65504
[34mabcmalloc[] debug: [0m pop() address:  at addr: 0x7f6762816020
[34mabcmalloc[] debug: [0m pop() size:  with size: 8160
[34mabcmalloc[] debug: [0m pop() address:  at addr: 0x7f6762814020
[34mabcmalloc[] debug: [0m pop() size:  with size: 8160
[34mabcmalloc[] debug: [0m pop() address:  at addr: 0x7f6762812020
[34mabcmalloc[] debug: [0m pop() size:  with size: 8160
